[0.118s] Invoking command in '/home/melih/Desktop/AGV/build/agv_interfaces': CMAKE_PREFIX_PATH=${CMAKE_PREFIX_PATH}:/home/melih/Desktop/AGV/install/agv_py:/home/melih/Desktop/ros_lifecycle_node/install/lifecycle_node_py:/home/melih/Desktop/ros_example/turtlesim_project/install/turtlesim_py:/home/melih/Desktop/ros_example/edouard_turtlesim_project/install/turtlesim_catch_them_all:/home/melih/Desktop/ros_example/battery_led_states/install/package_py:/home/melih/Desktop/ros_py/install/my_robot:/home/melih/Desktop/ros_action/install/actions_py:/opt/ros/humble /usr/bin/cmake --build /home/melih/Desktop/AGV/build/agv_interfaces -- -j4 -l4
[2.586s] [  2%] Built target agv_interfaces__cpp
[2.586s] [ 12%] Built target agv_interfaces__rosidl_generator_c
[2.587s] [ 12%] Built target ament_cmake_python_copy_agv_interfaces
[2.587s] [ 23%] Built target agv_interfaces__rosidl_typesupport_cpp
[2.587s] [ 33%] Built target agv_interfaces__rosidl_typesupport_fastrtps_cpp
[2.601s] [ 43%] Built target agv_interfaces__rosidl_typesupport_introspection_cpp
[2.605s] [ 53%] Built target agv_interfaces__rosidl_typesupport_c
[2.606s] [ 64%] Built target agv_interfaces__rosidl_typesupport_introspection_c
[2.606s] [ 74%] Built target agv_interfaces__rosidl_typesupport_fastrtps_c
[2.606s] [ 74%] Built target agv_interfaces
[2.607s] [ 76%] Built target agv_interfaces__py
[2.607s] [ 84%] Built target agv_interfaces__rosidl_generator_py
[2.607s] [ 89%] Built target agv_interfaces__rosidl_typesupport_fastrtps_c__pyext
[2.607s] [ 94%] Built target agv_interfaces__rosidl_typesupport_c__pyext
[2.608s] [100%] Built target agv_interfaces__rosidl_typesupport_introspection_c__pyext
[2.608s] Traceback (most recent call last):
[2.608s]   File "/usr/lib/python3/dist-packages/pkg_resources/__init__.py", line 2031, in try_parse
[2.608s]     return packaging.version.Version(name)
[2.615s]   File "/usr/lib/python3/dist-packages/pkg_resources/_vendor/packaging/version.py", line 266, in __init__
[2.615s]     raise InvalidVersion(f"Invalid version: '{version}'")
[2.615s] pkg_resources.extern.packaging.version.InvalidVersion: Invalid version: '/usr/lib/python3/dist'
[2.616s] 
[2.616s] During handling of the above exception, another exception occurred:
[2.616s] 
[2.619s] Traceback (most recent call last):
[2.619s]   File "/home/melih/Desktop/AGV/build/agv_interfaces/ament_cmake_python/agv_interfaces/setup.py", line 1, in <module>
[2.619s]     from setuptools import find_packages
[2.620s]   File "/usr/lib/python3/dist-packages/setuptools/__init__.py", line 16, in <module>
[2.620s]     import setuptools.version
[2.620s]   File "/usr/lib/python3/dist-packages/setuptools/version.py", line 1, in <module>
[2.620s]     import pkg_resources
[2.620s]   File "/usr/lib/python3/dist-packages/pkg_resources/__init__.py", line 3267, in <module>
[2.625s]     def _initialize_master_working_set():
[2.625s]   File "/usr/lib/python3/dist-packages/pkg_resources/__init__.py", line 3241, in _call_aside
[2.625s]     f(*args, **kwargs)
[2.626s]   File "/usr/lib/python3/dist-packages/pkg_resources/__init__.py", line 3279, in _initialize_master_working_set
[2.626s]     working_set = WorkingSet._build_master()
[2.626s]   File "/usr/lib/python3/dist-packages/pkg_resources/__init__.py", line 564, in _build_master
[2.626s]     ws = cls()
[2.627s]   File "/usr/lib/python3/dist-packages/pkg_resources/__init__.py", line 557, in __init__
[2.627s]     self.add_entry(entry)
[2.627s]   File "/usr/lib/python3/dist-packages/pkg_resources/__init__.py", line 613, in add_entry
[2.627s]     for dist in find_distributions(entry, True):
[2.633s]   File "/usr/lib/python3/dist-packages/pkg_resources/__init__.py", line 2073, in find_on_path
[2.633s]     path_item_entries = _by_version_descending(filtered)
[2.634s]   File "/usr/lib/python3/dist-packages/pkg_resources/__init__.py", line 2043, in _by_version_descending
[2.634s]     return sorted(names, key=_by_version, reverse=True)
[2.637s]   File "/usr/lib/python3/dist-packages/pkg_resources/__init__.py", line 2041, in _by_version
[2.638s]     return [try_parse(part) for part in parts]
[2.638s]   File "/usr/lib/python3/dist-packages/pkg_resources/__init__.py", line 2041, in <listcomp>
[2.641s]     return [try_parse(part) for part in parts]
[2.641s]   File "/usr/lib/python3/dist-packages/pkg_resources/__init__.py", line 2033, in try_parse
[2.641s]     return packaging.version.Version('0')
[2.642s]   File "/usr/lib/python3/dist-packages/pkg_resources/_vendor/packaging/version.py", line 264, in __init__
[2.642s]     match = self._regex.search(version)
[2.642s] KeyboardInterrupt
[2.766s] gmake[2]: *** [CMakeFiles/ament_cmake_python_build_agv_interfaces_egg.dir/build.make:70: CMakeFiles/ament_cmake_python_build_agv_interfaces_egg] Interrupt
[2.773s] gmake[1]: *** [CMakeFiles/Makefile2:447: CMakeFiles/ament_cmake_python_build_agv_interfaces_egg.dir/all] Interrupt
[2.774s] gmake: *** [Makefile:146: all] Interrupt
