-- Found ament_cmake: 1.3.10 (/opt/ros/humble/share/ament_cmake/cmake)
-- Found rclcpp: 16.0.10 (/opt/ros/humble/share/rclcpp/cmake)
-- Found rosidl_generator_c: 3.1.5 (/opt/ros/humble/share/rosidl_generator_c/cmake)
-- Found rosidl_adapter: 3.1.5 (/opt/ros/humble/share/rosidl_adapter/cmake)
-- Found rosidl_generator_cpp: 3.1.5 (/opt/ros/humble/share/rosidl_generator_cpp/cmake)
-- Using all available rosidl_typesupport_c: rosidl_typesupport_fastrtps_c;rosidl_typesupport_introspection_c
-- Using all available rosidl_typesupport_cpp: rosidl_typesupport_fastrtps_cpp;rosidl_typesupport_introspection_cpp
-- Found rmw_implementation_cmake: 6.1.2 (/opt/ros/humble/share/rmw_implementation_cmake/cmake)
-- Found rmw_cyclonedds_cpp: 1.3.4 (/opt/ros/humble/share/rmw_cyclonedds_cpp/cmake)
-- Using RMW implementation 'rmw_cyclonedds_cpp' as default
-- Found agv_interfaces: 0.0.0 (/home/melih/Desktop/AGV/install/agv_interfaces/share/agv_interfaces/cmake)
-- Found tf2_ros: 0.25.7 (/opt/ros/humble/share/tf2_ros/cmake)
-- Found ament_lint_auto: 0.12.11 (/opt/ros/humble/share/ament_lint_auto/cmake)
-- Added test 'cppcheck' to perform static code analysis on C / C++ code
-- Configured cppcheck include dirs: 
-- Configured cppcheck exclude dirs and/or files: 
-- Added test 'lint_cmake' to check CMake code style
-- Added test 'uncrustify' to check C / C++ code style
-- Configured uncrustify additional arguments: 
-- Added test 'xmllint' to check XML markup files
-- Configuring done
-- Generating done
-- Build files have been written to: /home/melih/Desktop/AGV/build/agv_cpp
[ 50%] [32mBuilding CXX object CMakeFiles/main_node.dir/src/main_node.cpp.o[0m
[01m[K/home/melih/Desktop/AGV/src/agv_cpp/src/main_node.cpp:1604:49:[m[K [01;31m[Kerror: [m[Kâ€˜[01m[Kagv_interface[m[Kâ€™ was not declared in this scope; did you mean â€˜[01m[Kagv_interfaces[m[Kâ€™?
 1604 |     void command_callback(const std::shared_ptr<[01;31m[Kagv_interface[m[K::srv::Command::Request> request,
      |                                                 [01;31m[K^~~~~~~~~~~~~[m[K
      |                                                 [32m[Kagv_interfaces[m[K
[01m[K/home/melih/Desktop/AGV/src/agv_cpp/src/main_node.cpp:1604:85:[m[K [01;31m[Kerror: [m[Ktemplate argument 1 is invalid
 1604 |     void command_callback(const std::shared_ptr<agv_interface::srv::Command::Request[01;31m[K>[m[K request,
      |                                                                                     [01;31m[K^[m[K
[01m[K/home/melih/Desktop/AGV/src/agv_cpp/src/main_node.cpp:1604:49:[m[K [01;31m[Kerror: [m[Kâ€˜[01m[Kagv_interface[m[Kâ€™ was not declared in this scope; did you mean â€˜[01m[Kagv_interfaces[m[Kâ€™?
 1604 |     void command_callback(const std::shared_ptr<[01;31m[Kagv_interface[m[K::srv::Command::Request> request,
      |                                                 [01;31m[K^~~~~~~~~~~~~[m[K
      |                                                 [32m[Kagv_interfaces[m[K
[01m[K/home/melih/Desktop/AGV/src/agv_cpp/src/main_node.cpp:1604:85:[m[K [01;31m[Kerror: [m[Ktemplate argument 1 is invalid
 1604 |     void command_callback(const std::shared_ptr<agv_interface::srv::Command::Request[01;31m[K>[m[K request,
      |                                                                                     [01;31m[K^[m[K
[01m[K/home/melih/Desktop/AGV/src/agv_cpp/src/main_node.cpp:1604:49:[m[K [01;31m[Kerror: [m[Kâ€˜[01m[Kagv_interface[m[Kâ€™ was not declared in this scope; did you mean â€˜[01m[Kagv_interfaces[m[Kâ€™?
 1604 |     void command_callback(const std::shared_ptr<[01;31m[Kagv_interface[m[K::srv::Command::Request> request,
      |                                                 [01;31m[K^~~~~~~~~~~~~[m[K
      |                                                 [32m[Kagv_interfaces[m[K
[01m[K/home/melih/Desktop/AGV/src/agv_cpp/src/main_node.cpp:1604:85:[m[K [01;31m[Kerror: [m[Ktemplate argument 1 is invalid
 1604 |     void command_callback(const std::shared_ptr<agv_interface::srv::Command::Request[01;31m[K>[m[K request,
      |                                                                                     [01;31m[K^[m[K
[01m[K/home/melih/Desktop/AGV/src/agv_cpp/src/main_node.cpp:1604:33:[m[K [01;31m[Kerror: [m[Kinvalid template-id
 1604 |     void command_callback(const [01;31m[Kstd[m[K::shared_ptr<agv_interface::srv::Command::Request> request,
      |                                 [01;31m[K^~~[m[K
[01m[K/home/melih/Desktop/AGV/src/agv_cpp/src/main_node.cpp:1604:49:[m[K [01;31m[Kerror: [m[Kâ€˜[01m[Kagv_interface[m[Kâ€™ has not been declared
 1604 |     void command_callback(const std::shared_ptr<[01;31m[Kagv_interface[m[K::srv::Command::Request> request,
      |                                                 [01;31m[K^~~~~~~~~~~~~[m[K
[01m[K/home/melih/Desktop/AGV/src/agv_cpp/src/main_node.cpp:1604:27:[m[K [01;31m[Kerror: [m[Kclass template placeholder â€˜[01m[Kstd::shared_ptr[m[Kâ€™ not permitted in this context
 1604 |     void command_callback([01;31m[Kconst[m[K std::shared_ptr<agv_interface::srv::Command::Request> request,
      |                           [01;31m[K^~~~~[m[K
[01m[K/home/melih/Desktop/AGV/src/agv_cpp/src/main_node.cpp:1605:41:[m[K [01;31m[Kerror: [m[Kâ€˜[01m[Kagv_interface[m[Kâ€™ was not declared in this scope; did you mean â€˜[01m[Kagv_interfaces[m[Kâ€™?
 1605 |                         std::shared_ptr<[01;31m[Kagv_interface[m[K::srv::Command::Response> response) {
      |                                         [01;31m[K^~~~~~~~~~~~~[m[K
      |                                         [32m[Kagv_interfaces[m[K
[01m[K/home/melih/Desktop/AGV/src/agv_cpp/src/main_node.cpp:1605:78:[m[K [01;31m[Kerror: [m[Ktemplate argument 1 is invalid
 1605 |                         std::shared_ptr<agv_interface::srv::Command::Response[01;31m[K>[m[K response) {
      |                                                                              [01;31m[K^[m[K
[01m[K/home/melih/Desktop/AGV/src/agv_cpp/src/main_node.cpp:1605:41:[m[K [01;31m[Kerror: [m[Kâ€˜[01m[Kagv_interface[m[Kâ€™ was not declared in this scope; did you mean â€˜[01m[Kagv_interfaces[m[Kâ€™?
 1605 |                         std::shared_ptr<[01;31m[Kagv_interface[m[K::srv::Command::Response> response) {
      |                                         [01;31m[K^~~~~~~~~~~~~[m[K
      |                                         [32m[Kagv_interfaces[m[K
[01m[K/home/melih/Desktop/AGV/src/agv_cpp/src/main_node.cpp:1605:78:[m[K [01;31m[Kerror: [m[Ktemplate argument 1 is invalid
 1605 |                         std::shared_ptr<agv_interface::srv::Command::Response[01;31m[K>[m[K response) {
      |                                                                              [01;31m[K^[m[K
[01m[K/home/melih/Desktop/AGV/src/agv_cpp/src/main_node.cpp:1605:41:[m[K [01;31m[Kerror: [m[Kâ€˜[01m[Kagv_interface[m[Kâ€™ was not declared in this scope; did you mean â€˜[01m[Kagv_interfaces[m[Kâ€™?
 1605 |                         std::shared_ptr<[01;31m[Kagv_interface[m[K::srv::Command::Response> response) {
      |                                         [01;31m[K^~~~~~~~~~~~~[m[K
      |                                         [32m[Kagv_interfaces[m[K
[01m[K/home/melih/Desktop/AGV/src/agv_cpp/src/main_node.cpp:1605:78:[m[K [01;31m[Kerror: [m[Ktemplate argument 1 is invalid
 1605 |                         std::shared_ptr<agv_interface::srv::Command::Response[01;31m[K>[m[K response) {
      |                                                                              [01;31m[K^[m[K
[01m[K/home/melih/Desktop/AGV/src/agv_cpp/src/main_node.cpp:1605:25:[m[K [01;31m[Kerror: [m[Kinvalid template-id
 1605 |                         [01;31m[Kstd[m[K::shared_ptr<agv_interface::srv::Command::Response> response) {
      |                         [01;31m[K^~~[m[K
[01m[K/home/melih/Desktop/AGV/src/agv_cpp/src/main_node.cpp:1605:41:[m[K [01;31m[Kerror: [m[Kâ€˜[01m[Kagv_interface[m[Kâ€™ has not been declared
 1605 |                         std::shared_ptr<[01;31m[Kagv_interface[m[K::srv::Command::Response> response) {
      |                                         [01;31m[K^~~~~~~~~~~~~[m[K
[01m[K/home/melih/Desktop/AGV/src/agv_cpp/src/main_node.cpp:1605:25:[m[K [01;31m[Kerror: [m[Kclass template placeholder â€˜[01m[Kstd::shared_ptr[m[Kâ€™ not permitted in this context
 1605 |                         [01;31m[Kstd[m[K::shared_ptr<agv_interface::srv::Command::Response> response) {
      |                         [01;31m[K^~~[m[K
[01m[K/home/melih/Desktop/AGV/src/agv_cpp/src/main_node.cpp:1742:21:[m[K [01;31m[Kerror: [m[Kâ€˜[01m[Kagv_interface[m[Kâ€™ was not declared in this scope; did you mean â€˜[01m[Kagv_interfaces[m[Kâ€™?
 1742 |     rclcpp::Service<[01;31m[Kagv_interface[m[K::srv::Command>::SharedPtr web_command_service_;
      |                     [01;31m[K^~~~~~~~~~~~~[m[K
      |                     [32m[Kagv_interfaces[m[K
[01m[K/home/melih/Desktop/AGV/src/agv_cpp/src/main_node.cpp:1742:48:[m[K [01;31m[Kerror: [m[Ktemplate argument 1 is invalid
 1742 |     rclcpp::Service<agv_interface::srv::Command[01;31m[K>[m[K::SharedPtr web_command_service_;
      |                                                [01;31m[K^[m[K
[01m[K/home/melih/Desktop/AGV/src/agv_cpp/src/main_node.cpp:1742:51:[m[K [01;31m[Kerror: [m[Kexpected â€˜[01m[K;[m[Kâ€™ at end of member declaration
 1742 |     rclcpp::Service<agv_interface::srv::Command>::[01;31m[KSharedPtr[m[K web_command_service_;
      |                                                   [01;31m[K^~~~~~~~~[m[K
      |                                                            [32m[K;[m[K
[01m[K/home/melih/Desktop/AGV/src/agv_cpp/src/main_node.cpp:1742:61:[m[K [01;31m[Kerror: [m[Kâ€˜[01m[Kweb_command_service_[m[Kâ€™ does not name a type
 1742 |     rclcpp::Service<agv_interface::srv::Command>::SharedPtr [01;31m[Kweb_command_service_[m[K;
      |                                                             [01;31m[K^~~~~~~~~~~~~~~~~~~~[m[K
[01m[K/home/melih/Desktop/AGV/src/agv_cpp/src/main_node.cpp:1743:20:[m[K [01;31m[Kerror: [m[Kâ€˜[01m[Kagv_interface[m[Kâ€™ was not declared in this scope; did you mean â€˜[01m[Kagv_interfaces[m[Kâ€™?
 1743 |     rclcpp::Client<[01;31m[Kagv_interface[m[K::srv::Command>::SharedPtr deneyap_command_client_;
      |                    [01;31m[K^~~~~~~~~~~~~[m[K
      |                    [32m[Kagv_interfaces[m[K
[01m[K/home/melih/Desktop/AGV/src/agv_cpp/src/main_node.cpp:1743:47:[m[K [01;31m[Kerror: [m[Ktemplate argument 1 is invalid
 1743 |     rclcpp::Client<agv_interface::srv::Command[01;31m[K>[m[K::SharedPtr deneyap_command_client_;
      |                                               [01;31m[K^[m[K
[01m[K/home/melih/Desktop/AGV/src/agv_cpp/src/main_node.cpp:1743:50:[m[K [01;31m[Kerror: [m[Kexpected â€˜[01m[K;[m[Kâ€™ at end of member declaration
 1743 |     rclcpp::Client<agv_interface::srv::Command>::[01;31m[KSharedPtr[m[K deneyap_command_client_;
      |                                                  [01;31m[K^~~~~~~~~[m[K
      |                                                           [32m[K;[m[K
[01m[K/home/melih/Desktop/AGV/src/agv_cpp/src/main_node.cpp:1743:50:[m[K [01;31m[Kerror: [m[Kredeclaration of â€˜[01m[Kint MainNode::SharedPtr[m[Kâ€™
[01m[K/home/melih/Desktop/AGV/src/agv_cpp/src/main_node.cpp:1742:51:[m[K [01;36m[Knote: [m[Kprevious declaration â€˜[01m[Kint MainNode::SharedPtr[m[Kâ€™
 1742 |     rclcpp::Service<agv_interface::srv::Command>::[01;36m[KSharedPtr[m[K web_command_service_;
      |                                                   [01;36m[K^~~~~~~~~[m[K
[01m[K/home/melih/Desktop/AGV/src/agv_cpp/src/main_node.cpp:1743:60:[m[K [01;31m[Kerror: [m[Kâ€˜[01m[Kdeneyap_command_client_[m[Kâ€™ does not name a type
 1743 |     rclcpp::Client<agv_interface::srv::Command>::SharedPtr [01;31m[Kdeneyap_command_client_[m[K;
      |                                                            [01;31m[K^~~~~~~~~~~~~~~~~~~~~~~[m[K
[01m[K/home/melih/Desktop/AGV/src/agv_cpp/src/main_node.cpp:1744:20:[m[K [01;31m[Kerror: [m[Kâ€˜[01m[Kagv_interface[m[Kâ€™ was not declared in this scope; did you mean â€˜[01m[Kagv_interfaces[m[Kâ€™?
 1744 |     rclcpp::Client<[01;31m[Kagv_interface[m[K::srv::LearnWeight>::SharedPtr learn_weight_service_;
      |                    [01;31m[K^~~~~~~~~~~~~[m[K
      |                    [32m[Kagv_interfaces[m[K
[01m[K/home/melih/Desktop/AGV/src/agv_cpp/src/main_node.cpp:1744:51:[m[K [01;31m[Kerror: [m[Ktemplate argument 1 is invalid
 1744 |     rclcpp::Client<agv_interface::srv::LearnWeight[01;31m[K>[m[K::SharedPtr learn_weight_service_;
      |                                                   [01;31m[K^[m[K
[01m[K/home/melih/Desktop/AGV/src/agv_cpp/src/main_node.cpp:1744:54:[m[K [01;31m[Kerror: [m[Kexpected â€˜[01m[K;[m[Kâ€™ at end of member declaration
 1744 |     rclcpp::Client<agv_interface::srv::LearnWeight>::[01;31m[KSharedPtr[m[K learn_weight_service_;
      |                                                      [01;31m[K^~~~~~~~~[m[K
      |                                                               [32m[K;[m[K
[01m[K/home/melih/Desktop/AGV/src/agv_cpp/src/main_node.cpp:1744:54:[m[K [01;31m[Kerror: [m[Kredeclaration of â€˜[01m[Kint MainNode::SharedPtr[m[Kâ€™
[01m[K/home/melih/Desktop/AGV/src/agv_cpp/src/main_node.cpp:1742:51:[m[K [01;36m[Knote: [m[Kprevious declaration â€˜[01m[Kint MainNode::SharedPtr[m[Kâ€™
 1742 |     rclcpp::Service<agv_interface::srv::Command>::[01;36m[KSharedPtr[m[K web_command_service_;
      |                                                   [01;36m[K^~~~~~~~~[m[K
[01m[K/home/melih/Desktop/AGV/src/agv_cpp/src/main_node.cpp:1744:64:[m[K [01;31m[Kerror: [m[Kâ€˜[01m[Klearn_weight_service_[m[Kâ€™ does not name a type
 1744 |     rclcpp::Client<agv_interface::srv::LearnWeight>::SharedPtr [01;31m[Klearn_weight_service_[m[K;
      |                                                                [01;31m[K^~~~~~~~~~~~~~~~~~~~~[m[K
[01m[K/home/melih/Desktop/AGV/src/agv_cpp/src/main_node.cpp:[m[K In constructor â€˜[01m[KMainNode::MainNode()[m[Kâ€™:
[01m[K/home/melih/Desktop/AGV/src/agv_cpp/src/main_node.cpp:34:9:[m[K [01;31m[Kerror: [m[Kâ€˜[01m[Kweb_command_service_[m[Kâ€™ was not declared in this scope
   34 |         [01;31m[Kweb_command_service_[m[K = this->create_service<agv_interface::srv::Command>(
      |         [01;31m[K^~~~~~~~~~~~~~~~~~~~[m[K
[01m[K/home/melih/Desktop/AGV/src/agv_cpp/src/main_node.cpp:34:53:[m[K [01;31m[Kerror: [m[Kâ€˜[01m[Kagv_interface[m[Kâ€™ was not declared in this scope; did you mean â€˜[01m[Kagv_interfaces[m[Kâ€™?
   34 |         web_command_service_ = this->create_service<[01;31m[Kagv_interface[m[K::srv::Command>(
      |                                                     [01;31m[K^~~~~~~~~~~~~[m[K
      |                                                     [32m[Kagv_interfaces[m[K
[01m[K/home/melih/Desktop/AGV/src/agv_cpp/src/main_node.cpp:34:38:[m[K [01;31m[Kerror: [m[Kparse error in template argument list
   34 |         web_command_service_ = this->[01;31m[Kcreate_service<agv_interface::srv::Command>[m[K(
      |                                      [01;31m[K^~~~~~~~~~~~~~~~~~~~~~~~~~~~~~~~~~~~~~~~~~~[m[K
[01m[K/home/melih/Desktop/AGV/src/agv_cpp/src/main_node.cpp:34:81:[m[K [01;31m[Kerror: [m[Kno matching function for call to â€˜[01m[KMainNode::create_service<<expression error> >(const char [8], std::_Bind_helper<false, void (MainNode::*)(...), MainNode*, const std::_Placeholder<1>&, const std::_Placeholder<2>&>::type)[m[Kâ€™
   34 |         web_command_service_ = [01;31m[Kthis->create_service<agv_interface::srv::Command>([m[K
      |                                [01;31m[K~~~~~~~~~~~~~~~~~~~~~~~~~~~~~~~~~~~~~~~~~~~~~~~~~^[m[K
   35 | [01;31m[K            "command", std::bind(&MainNode::command_callback, this, std::placeholders::_1, std::placeholders::_2))[m[K;
      |             [01;31m[K~~~~~~~~~~~~~~~~~~~~~~~~~~~~~~~~~~~~~~~~~~~~~~~~~~~~~~~~~~~~~~~~~~~~~~~~~~~~~~~~~~~~~~~~~~~~~~~~~~~~~~[m[K
In file included from [01m[K/opt/ros/humble/include/rclcpp/rclcpp/executors/single_threaded_executor.hpp:28[m[K,
                 from [01m[K/opt/ros/humble/include/rclcpp/rclcpp/executors.hpp:22[m[K,
                 from [01m[K/opt/ros/humble/include/rclcpp/rclcpp/rclcpp.hpp:155[m[K,
                 from [01m[K/home/melih/Desktop/AGV/src/agv_cpp/src/main_node.cpp:1[m[K:
[01m[K/opt/ros/humble/include/rclcpp/rclcpp/node.hpp:267:3:[m[K [01;36m[Knote: [m[Kcandidate: â€˜[01m[Ktemplate<class ServiceT, class CallbackT> typename rclcpp::Service<ServiceT>::SharedPtr rclcpp::Node::create_service(const string&, CallbackT&&, const rmw_qos_profile_t&, rclcpp::CallbackGroup::SharedPtr)[m[Kâ€™
  267 |   [01;36m[Kcreate_service[m[K(
      |   [01;36m[K^~~~~~~~~~~~~~[m[K
[01m[K/opt/ros/humble/include/rclcpp/rclcpp/node.hpp:267:3:[m[K [01;36m[Knote: [m[K  template argument deduction/substitution failed:
[01m[K/home/melih/Desktop/AGV/src/agv_cpp/src/main_node.cpp:34:81:[m[K [01;31m[Kerror: [m[Ktemplate argument 1 is invalid
   34 |         web_command_service_ = [01;31m[Kthis->create_service<agv_interface::srv::Command>([m[K
      |                                [01;31m[K~~~~~~~~~~~~~~~~~~~~~~~~~~~~~~~~~~~~~~~~~~~~~~~~~^[m[K
   35 | [01;31m[K            "command", std::bind(&MainNode::command_callback, this, std::placeholders::_1, std::placeholders::_2))[m[K;
      |             [01;31m[K~~~~~~~~~~~~~~~~~~~~~~~~~~~~~~~~~~~~~~~~~~~~~~~~~~~~~~~~~~~~~~~~~~~~~~~~~~~~~~~~~~~~~~~~~~~~~~~~~~~~~~[m[K
[01m[K/home/melih/Desktop/AGV/src/agv_cpp/src/main_node.cpp:38:9:[m[K [01;31m[Kerror: [m[Kâ€˜[01m[Kdeneyap_command_client_[m[Kâ€™ was not declared in this scope
   38 |         [01;31m[Kdeneyap_command_client_[m[K = this->create_client<agv_interface::srv::Command>("send_command");
      |         [01;31m[K^~~~~~~~~~~~~~~~~~~~~~~[m[K
[01m[K/home/melih/Desktop/AGV/src/agv_cpp/src/main_node.cpp:38:41:[m[K [01;31m[Kerror: [m[Kparse error in template argument list
   38 |         deneyap_command_client_ = this->[01;31m[Kcreate_client<agv_interface::srv::Command>[m[K("send_command");
      |                                         [01;31m[K^~~~~~~~~~~~~~~~~~~~~~~~~~~~~~~~~~~~~~~~~~[m[K
[01m[K/home/melih/Desktop/AGV/src/agv_cpp/src/main_node.cpp:38:83:[m[K [01;31m[Kerror: [m[Kno matching function for call to â€˜[01m[KMainNode::create_client<agv_interface>(const char [13])[m[Kâ€™
   38 |         deneyap_command_client_ = [01;31m[Kthis->create_client<agv_interface::srv::Command>("send_command")[m[K;
      |                                   [01;31m[K~~~~~~~~~~~~~~~~~~~~~~~~~~~~~~~~~~~~~~~~~~~~~~~~^~~~~~~~~~~~~~~~[m[K
In file included from [01m[K/opt/ros/humble/include/rclcpp/rclcpp/executors/single_threaded_executor.hpp:28[m[K,
                 from [01m[K/opt/ros/humble/include/rclcpp/rclcpp/executors.hpp:22[m[K,
                 from [01m[K/opt/ros/humble/include/rclcpp/rclcpp/rclcpp.hpp:155[m[K,
                 from [01m[K/home/melih/Desktop/AGV/src/agv_cpp/src/main_node.cpp:1[m[K:
[01m[K/opt/ros/humble/include/rclcpp/rclcpp/node.hpp:252:3:[m[K [01;36m[Knote: [m[Kcandidate: â€˜[01m[Ktemplate<class ServiceT> typename rclcpp::Client<ServiceT>::SharedPtr rclcpp::Node::create_client(const string&, const rmw_qos_profile_t&, rclcpp::CallbackGroup::SharedPtr)[m[Kâ€™
  252 |   [01;36m[Kcreate_client[m[K(
      |   [01;36m[K^~~~~~~~~~~~~[m[K
[01m[K/opt/ros/humble/include/rclcpp/rclcpp/node.hpp:252:3:[m[K [01;36m[Knote: [m[K  template argument deduction/substitution failed:
[01m[K/home/melih/Desktop/AGV/src/agv_cpp/src/main_node.cpp:41:9:[m[K [01;31m[Kerror: [m[Kâ€˜[01m[Klearn_weight_service_[m[Kâ€™ was not declared in this scope
   41 |         [01;31m[Klearn_weight_service_[m[K = this->create_client<agv_interface::srv::LearnWeight>("learn_weight");
      |         [01;31m[K^~~~~~~~~~~~~~~~~~~~~[m[K
[01m[K/home/melih/Desktop/AGV/src/agv_cpp/src/main_node.cpp:41:39:[m[K [01;31m[Kerror: [m[Kparse error in template argument list
   41 |         learn_weight_service_ = this->[01;31m[Kcreate_client<agv_interface::srv::LearnWeight>[m[K("learn_weight");
      |                                       [01;31m[K^~~~~~~~~~~~~~~~~~~~~~~~~~~~~~~~~~~~~~~~~~~~~~[m[K
[01m[K/home/melih/Desktop/AGV/src/agv_cpp/src/main_node.cpp:41:85:[m[K [01;31m[Kerror: [m[Kno matching function for call to â€˜[01m[KMainNode::create_client<agv_interface>(const char [13])[m[Kâ€™
   41 |         learn_weight_service_ = [01;31m[Kthis->create_client<agv_interface::srv::LearnWeight>("learn_weight")[m[K;
      |                                 [01;31m[K~~~~~~~~~~~~~~~~~~~~~~~~~~~~~~~~~~~~~~~~~~~~~~~~~~~~^~~~~~~~~~~~~~~~[m[K
In file included from [01m[K/opt/ros/humble/include/rclcpp/rclcpp/executors/single_threaded_executor.hpp:28[m[K,
                 from [01m[K/opt/ros/humble/include/rclcpp/rclcpp/executors.hpp:22[m[K,
                 from [01m[K/opt/ros/humble/include/rclcpp/rclcpp/rclcpp.hpp:155[m[K,
                 from [01m[K/home/melih/Desktop/AGV/src/agv_cpp/src/main_node.cpp:1[m[K:
[01m[K/opt/ros/humble/include/rclcpp/rclcpp/node.hpp:252:3:[m[K [01;36m[Knote: [m[Kcandidate: â€˜[01m[Ktemplate<class ServiceT> typename rclcpp::Client<ServiceT>::SharedPtr rclcpp::Node::create_client(const string&, const rmw_qos_profile_t&, rclcpp::CallbackGroup::SharedPtr)[m[Kâ€™
  252 |   [01;36m[Kcreate_client[m[K(
      |   [01;36m[K^~~~~~~~~~~~~[m[K
[01m[K/opt/ros/humble/include/rclcpp/rclcpp/node.hpp:252:3:[m[K [01;36m[Knote: [m[K  template argument deduction/substitution failed:
[01m[K/home/melih/Desktop/AGV/src/agv_cpp/src/main_node.cpp:[m[K In member function â€˜[01m[Kvoid MainNode::command_callback(...)[m[Kâ€™:
[01m[K/home/melih/Desktop/AGV/src/agv_cpp/src/main_node.cpp:1607:12:[m[K [01;31m[Kerror: [m[Kâ€˜[01m[Krequest[m[Kâ€™ was not declared in this scope
 1607 |         if([01;31m[Krequest[m[K->command == "start_button"){
      |            [01;31m[K^~~~~~~[m[K
[01m[K/home/melih/Desktop/AGV/src/agv_cpp/src/main_node.cpp:1611:13:[m[K [01;31m[Kerror: [m[Kâ€˜[01m[Kresponse[m[Kâ€™ was not declared in this scope
 1611 |             [01;31m[Kresponse[m[K->success=true;
      |             [01;31m[K^~~~~~~~[m[K
[01m[K/home/melih/Desktop/AGV/src/agv_cpp/src/main_node.cpp:1617:13:[m[K [01;31m[Kerror: [m[Kâ€˜[01m[Kresponse[m[Kâ€™ was not declared in this scope
 1617 |             [01;31m[Kresponse[m[K->success=true;
      |             [01;31m[K^~~~~~~~[m[K
[01m[K/home/melih/Desktop/AGV/src/agv_cpp/src/main_node.cpp:1621:13:[m[K [01;31m[Kerror: [m[Kâ€˜[01m[Kresponse[m[Kâ€™ was not declared in this scope
 1621 |             [01;31m[Kresponse[m[K->success=true;
      |             [01;31m[K^~~~~~~~[m[K
[01m[K/home/melih/Desktop/AGV/src/agv_cpp/src/main_node.cpp:1624:13:[m[K [01;31m[Kerror: [m[Kâ€˜[01m[Kresponse[m[Kâ€™ was not declared in this scope
 1624 |             [01;31m[Kresponse[m[K->success = send_request(request->command);
      |             [01;31m[K^~~~~~~~[m[K
[01m[K/home/melih/Desktop/AGV/src/agv_cpp/src/main_node.cpp:[m[K In member function â€˜[01m[Kbool MainNode::send_request(const string&)[m[Kâ€™:
[01m[K/home/melih/Desktop/AGV/src/agv_cpp/src/main_node.cpp:1630:41:[m[K [01;31m[Kerror: [m[Kâ€˜[01m[Kagv_interface[m[Kâ€™ was not declared in this scope; did you mean â€˜[01m[Kagv_interfaces[m[Kâ€™?
 1630 |         auto request = std::make_shared<[01;31m[Kagv_interface[m[K::srv::Command::Request>();
      |                                         [01;31m[K^~~~~~~~~~~~~[m[K
      |                                         [32m[Kagv_interfaces[m[K
[01m[K/home/melih/Desktop/AGV/src/agv_cpp/src/main_node.cpp:1630:29:[m[K [01;31m[Kerror: [m[Kparse error in template argument list
 1630 |         auto request = std::[01;31m[Kmake_shared<agv_interface::srv::Command::Request>[m[K();
      |                             [01;31m[K^~~~~~~~~~~~~~~~~~~~~~~~~~~~~~~~~~~~~~~~~~~~~~~~~[m[K
[01m[K/home/melih/Desktop/AGV/src/agv_cpp/src/main_node.cpp:1630:78:[m[K [01;31m[Kerror: [m[Kno matching function for call to â€˜[01m[Kmake_shared<<expression error> >()[m[Kâ€™
 1630 |         auto request = [01;31m[Kstd::make_shared<agv_interface::srv::Command::Request>()[m[K;
      |                        [01;31m[K~~~~~~~~~~~~~~~~~~~~~~~~~~~~~~~~~~~~~~~~~~~~~~~~~~~~~~^~[m[K
In file included from [01m[K/usr/include/c++/11/memory:77[m[K,
                 from [01m[K/opt/ros/humble/include/rclcpp/rclcpp/rclcpp.hpp:153[m[K,
                 from [01m[K/home/melih/Desktop/AGV/src/agv_cpp/src/main_node.cpp:1[m[K:
[01m[K/usr/include/c++/11/bits/shared_ptr.h:875:5:[m[K [01;36m[Knote: [m[Kcandidate: â€˜[01m[Ktemplate<class _Tp, class ... _Args> std::shared_ptr<_Tp> std::make_shared(_Args&& ...)[m[Kâ€™
  875 |     [01;36m[Kmake_shared[m[K(_Args&&... __args)
      |     [01;36m[K^~~~~~~~~~~[m[K
[01m[K/usr/include/c++/11/bits/shared_ptr.h:875:5:[m[K [01;36m[Knote: [m[K  template argument deduction/substitution failed:
[01m[K/home/melih/Desktop/AGV/src/agv_cpp/src/main_node.cpp:1630:78:[m[K [01;31m[Kerror: [m[Ktemplate argument 1 is invalid
 1630 |         auto request = [01;31m[Kstd::make_shared<agv_interface::srv::Command::Request>()[m[K;
      |                        [01;31m[K~~~~~~~~~~~~~~~~~~~~~~~~~~~~~~~~~~~~~~~~~~~~~~~~~~~~~~^~[m[K
[01m[K/home/melih/Desktop/AGV/src/agv_cpp/src/main_node.cpp:1634:14:[m[K [01;31m[Kerror: [m[Kâ€˜[01m[Kdeneyap_command_client_[m[Kâ€™ was not declared in this scope
 1634 |         if (![01;31m[Kdeneyap_command_client_[m[K->wait_for_service(std::chrono::seconds(30))) {
      |              [01;31m[K^~~~~~~~~~~~~~~~~~~~~~~[m[K
[01m[K/home/melih/Desktop/AGV/src/agv_cpp/src/main_node.cpp:1642:59:[m[K [01;31m[Kerror: [m[Kâ€˜[01m[KServiceResponseFuture[m[Kâ€™ has not been declared
 1642 |         auto response_received_callback = [this, command]([01;31m[KServiceResponseFuture[m[K future) {
      |                                                           [01;31m[K^~~~~~~~~~~~~~~~~~~~~[m[K
[01m[K/home/melih/Desktop/AGV/src/agv_cpp/src/main_node.cpp:[m[K In lambda function:
[01m[K/home/melih/Desktop/AGV/src/agv_cpp/src/main_node.cpp:1644:40:[m[K [01;31m[Kerror: [m[Krequest for member â€˜[01m[Kget[m[Kâ€™ in â€˜[01m[Kfuture[m[Kâ€™, which is of non-class type â€˜[01m[Kint[m[Kâ€™
 1644 |                 auto response = future.[01;31m[Kget[m[K();
      |                                        [01;31m[K^~~[m[K
[01m[K/home/melih/Desktop/AGV/src/agv_cpp/src/main_node.cpp:[m[K In member function â€˜[01m[Kbool MainNode::send_request(const string&)[m[Kâ€™:
[01m[K/home/melih/Desktop/AGV/src/agv_cpp/src/main_node.cpp:1651:23:[m[K [01;31m[Kerror: [m[Kâ€˜[01m[Kdeneyap_command_client_[m[Kâ€™ was not declared in this scope
 1651 |         auto future = [01;31m[Kdeneyap_command_client_[m[K->async_send_request(request, response_received_callback);
      |                       [01;31m[K^~~~~~~~~~~~~~~~~~~~~~~[m[K
[01m[K/home/melih/Desktop/AGV/src/agv_cpp/src/main_node.cpp:[m[K In member function â€˜[01m[Kfloat MainNode::send_weight_request()[m[Kâ€™:
[01m[K/home/melih/Desktop/AGV/src/agv_cpp/src/main_node.cpp:1703:41:[m[K [01;31m[Kerror: [m[Kâ€˜[01m[Kagv_interface[m[Kâ€™ was not declared in this scope; did you mean â€˜[01m[Kagv_interfaces[m[Kâ€™?
 1703 |         auto request = std::make_shared<[01;31m[Kagv_interface[m[K::srv::LearnWeight::Request>();
      |                                         [01;31m[K^~~~~~~~~~~~~[m[K
      |                                         [32m[Kagv_interfaces[m[K
[01m[K/home/melih/Desktop/AGV/src/agv_cpp/src/main_node.cpp:1703:29:[m[K [01;31m[Kerror: [m[Kparse error in template argument list
 1703 |         auto request = std::[01;31m[Kmake_shared<agv_interface::srv::LearnWeight::Request>[m[K();
      |                             [01;31m[K^~~~~~~~~~~~~~~~~~~~~~~~~~~~~~~~~~~~~~~~~~~~~~~~~~~~~[m[K
[01m[K/home/melih/Desktop/AGV/src/agv_cpp/src/main_node.cpp:1703:82:[m[K [01;31m[Kerror: [m[Kno matching function for call to â€˜[01m[Kmake_shared<<expression error> >()[m[Kâ€™
 1703 |         auto request = [01;31m[Kstd::make_shared<agv_interface::srv::LearnWeight::Request>()[m[K;
      |                        [01;31m[K~~~~~~~~~~~~~~~~~~~~~~~~~~~~~~~~~~~~~~~~~~~~~~~~~~~~~~~~~~^~[m[K
In file included from [01m[K/usr/include/c++/11/memory:77[m[K,
                 from [01m[K/opt/ros/humble/include/rclcpp/rclcpp/rclcpp.hpp:153[m[K,
                 from [01m[K/home/melih/Desktop/AGV/src/agv_cpp/src/main_node.cpp:1[m[K:
[01m[K/usr/include/c++/11/bits/shared_ptr.h:875:5:[m[K [01;36m[Knote: [m[Kcandidate: â€˜[01m[Ktemplate<class _Tp, class ... _Args> std::shared_ptr<_Tp> std::make_shared(_Args&& ...)[m[Kâ€™
  875 |     [01;36m[Kmake_shared[m[K(_Args&&... __args)
      |     [01;36m[K^~~~~~~~~~~[m[K
[01m[K/usr/include/c++/11/bits/shared_ptr.h:875:5:[m[K [01;36m[Knote: [m[K  template argument deduction/substitution failed:
[01m[K/home/melih/Desktop/AGV/src/agv_cpp/src/main_node.cpp:1703:82:[m[K [01;31m[Kerror: [m[Ktemplate argument 1 is invalid
 1703 |         auto request = [01;31m[Kstd::make_shared<agv_interface::srv::LearnWeight::Request>()[m[K;
      |                        [01;31m[K~~~~~~~~~~~~~~~~~~~~~~~~~~~~~~~~~~~~~~~~~~~~~~~~~~~~~~~~~~^~[m[K
[01m[K/home/melih/Desktop/AGV/src/agv_cpp/src/main_node.cpp:1707:14:[m[K [01;31m[Kerror: [m[Kâ€˜[01m[Klearn_weight_service_[m[Kâ€™ was not declared in this scope
 1707 |         if (![01;31m[Klearn_weight_service_[m[K->wait_for_service(std::chrono::seconds(30))) {
      |              [01;31m[K^~~~~~~~~~~~~~~~~~~~~[m[K
[01m[K/home/melih/Desktop/AGV/src/agv_cpp/src/main_node.cpp:1713:23:[m[K [01;31m[Kerror: [m[Kâ€˜[01m[Klearn_weight_service_[m[Kâ€™ was not declared in this scope
 1713 |         auto future = [01;31m[Klearn_weight_service_[m[K->async_send_request(request);
      |                       [01;31m[K^~~~~~~~~~~~~~~~~~~~~[m[K
gmake[2]: *** [CMakeFiles/main_node.dir/build.make:76: CMakeFiles/main_node.dir/src/main_node.cpp.o] Error 1
gmake[1]: *** [CMakeFiles/Makefile2:137: CMakeFiles/main_node.dir/all] Error 2
gmake: *** [Makefile:146: all] Error 2
