[0.041s] Invoking command in '/home/melih/Desktop/AGV/build/agv_cpp': AMENT_PREFIX_PATH=/home/melih/Desktop/AGV/install/agv_interfaces:${AMENT_PREFIX_PATH} CMAKE_PREFIX_PATH=/home/melih/Desktop/AGV/install/agv_interfaces:/home/melih/Desktop/AGV/install/agv_launch:/home/melih/Desktop/AGV/install/agv_cpp:/home/melih/Desktop/AGV/install/agv_interface:/home/melih/Desktop/New_Folder_1/install/ydlidar_ros2_driver:/home/melih/Desktop/ros_lifecycle_node/install/lifecycle_node_cpp:/home/melih/Desktop/ros_example/turtlesim_project/install/turtlesim_launch_bringup:/home/melih/Desktop/ros_example/edouard_turtlesim_project/install/turtlesim_catch_them_all_launch_bringup:/home/melih/Desktop/ros_example/battery_led_states/install/package_cpp:/home/melih/Desktop/ros_msgs/install/my_robot_interfaces:/home/melih/Desktop/ros_cpp2/install/rdr2:/home/melih/Desktop/ros_py/install/my_robot_bringup:/home/melih/Desktop/ros_action/install/actions_cpp:/home/melih/Desktop/ros_action/install/robot_action_interfaces:/home/melih/Desktop/AGV/install/agv_py:/home/melih/Desktop/ros_lifecycle_node/install/lifecycle_node_py:/home/melih/Desktop/ros_example/turtlesim_project/install/turtlesim_py:/home/melih/Desktop/ros_example/edouard_turtlesim_project/install/turtlesim_catch_them_all:/home/melih/Desktop/ros_example/battery_led_states/install/package_py:/home/melih/Desktop/ros_py/install/my_robot:/home/melih/Desktop/ros_action/install/actions_py:/opt/ros/humble LD_LIBRARY_PATH=/home/melih/Desktop/AGV/install/agv_interfaces/lib:${LD_LIBRARY_PATH} PYTHONPATH=/home/melih/Desktop/AGV/install/agv_interfaces/local/lib/python3.10/dist-packages:${PYTHONPATH} /usr/bin/cmake /home/melih/Desktop/AGV/src/agv_cpp -DCMAKE_INSTALL_PREFIX=/home/melih/Desktop/AGV/install/agv_cpp
[0.065s] -- Found ament_cmake: 1.3.10 (/opt/ros/humble/share/ament_cmake/cmake)
[0.365s] -- Found rclcpp: 16.0.10 (/opt/ros/humble/share/rclcpp/cmake)
[0.438s] -- Found rosidl_generator_c: 3.1.5 (/opt/ros/humble/share/rosidl_generator_c/cmake)
[0.444s] -- Found rosidl_adapter: 3.1.5 (/opt/ros/humble/share/rosidl_adapter/cmake)
[0.457s] -- Found rosidl_generator_cpp: 3.1.5 (/opt/ros/humble/share/rosidl_generator_cpp/cmake)
[0.479s] -- Using all available rosidl_typesupport_c: rosidl_typesupport_fastrtps_c;rosidl_typesupport_introspection_c
[0.506s] -- Using all available rosidl_typesupport_cpp: rosidl_typesupport_fastrtps_cpp;rosidl_typesupport_introspection_cpp
[0.573s] -- Found rmw_implementation_cmake: 6.1.2 (/opt/ros/humble/share/rmw_implementation_cmake/cmake)
[0.577s] -- Found rmw_cyclonedds_cpp: 1.3.4 (/opt/ros/humble/share/rmw_cyclonedds_cpp/cmake)
[0.613s] -- Using RMW implementation 'rmw_cyclonedds_cpp' as default
[0.712s] -- Found agv_interfaces: 0.0.0 (/home/melih/Desktop/AGV/install/agv_interfaces/share/agv_interfaces/cmake)
[0.737s] -- Found tf2_ros: 0.25.7 (/opt/ros/humble/share/tf2_ros/cmake)
[1.115s] -- Found ament_lint_auto: 0.12.11 (/opt/ros/humble/share/ament_lint_auto/cmake)
[1.308s] -- Added test 'cppcheck' to perform static code analysis on C / C++ code
[1.308s] -- Configured cppcheck include dirs: 
[1.308s] -- Configured cppcheck exclude dirs and/or files: 
[1.310s] -- Added test 'lint_cmake' to check CMake code style
[1.312s] -- Added test 'uncrustify' to check C / C++ code style
[1.313s] -- Configured uncrustify additional arguments: 
[1.314s] -- Added test 'xmllint' to check XML markup files
[1.318s] -- Configuring done
[1.338s] -- Generating done
[1.341s] -- Build files have been written to: /home/melih/Desktop/AGV/build/agv_cpp
[1.354s] Invoked command in '/home/melih/Desktop/AGV/build/agv_cpp' returned '0': AMENT_PREFIX_PATH=/home/melih/Desktop/AGV/install/agv_interfaces:${AMENT_PREFIX_PATH} CMAKE_PREFIX_PATH=/home/melih/Desktop/AGV/install/agv_interfaces:/home/melih/Desktop/AGV/install/agv_launch:/home/melih/Desktop/AGV/install/agv_cpp:/home/melih/Desktop/AGV/install/agv_interface:/home/melih/Desktop/New_Folder_1/install/ydlidar_ros2_driver:/home/melih/Desktop/ros_lifecycle_node/install/lifecycle_node_cpp:/home/melih/Desktop/ros_example/turtlesim_project/install/turtlesim_launch_bringup:/home/melih/Desktop/ros_example/edouard_turtlesim_project/install/turtlesim_catch_them_all_launch_bringup:/home/melih/Desktop/ros_example/battery_led_states/install/package_cpp:/home/melih/Desktop/ros_msgs/install/my_robot_interfaces:/home/melih/Desktop/ros_cpp2/install/rdr2:/home/melih/Desktop/ros_py/install/my_robot_bringup:/home/melih/Desktop/ros_action/install/actions_cpp:/home/melih/Desktop/ros_action/install/robot_action_interfaces:/home/melih/Desktop/AGV/install/agv_py:/home/melih/Desktop/ros_lifecycle_node/install/lifecycle_node_py:/home/melih/Desktop/ros_example/turtlesim_project/install/turtlesim_py:/home/melih/Desktop/ros_example/edouard_turtlesim_project/install/turtlesim_catch_them_all:/home/melih/Desktop/ros_example/battery_led_states/install/package_py:/home/melih/Desktop/ros_py/install/my_robot:/home/melih/Desktop/ros_action/install/actions_py:/opt/ros/humble LD_LIBRARY_PATH=/home/melih/Desktop/AGV/install/agv_interfaces/lib:${LD_LIBRARY_PATH} PYTHONPATH=/home/melih/Desktop/AGV/install/agv_interfaces/local/lib/python3.10/dist-packages:${PYTHONPATH} /usr/bin/cmake /home/melih/Desktop/AGV/src/agv_cpp -DCMAKE_INSTALL_PREFIX=/home/melih/Desktop/AGV/install/agv_cpp
[1.358s] Invoking command in '/home/melih/Desktop/AGV/build/agv_cpp': AMENT_PREFIX_PATH=/home/melih/Desktop/AGV/install/agv_interfaces:${AMENT_PREFIX_PATH} CMAKE_PREFIX_PATH=/home/melih/Desktop/AGV/install/agv_interfaces:/home/melih/Desktop/AGV/install/agv_launch:/home/melih/Desktop/AGV/install/agv_cpp:/home/melih/Desktop/AGV/install/agv_interface:/home/melih/Desktop/New_Folder_1/install/ydlidar_ros2_driver:/home/melih/Desktop/ros_lifecycle_node/install/lifecycle_node_cpp:/home/melih/Desktop/ros_example/turtlesim_project/install/turtlesim_launch_bringup:/home/melih/Desktop/ros_example/edouard_turtlesim_project/install/turtlesim_catch_them_all_launch_bringup:/home/melih/Desktop/ros_example/battery_led_states/install/package_cpp:/home/melih/Desktop/ros_msgs/install/my_robot_interfaces:/home/melih/Desktop/ros_cpp2/install/rdr2:/home/melih/Desktop/ros_py/install/my_robot_bringup:/home/melih/Desktop/ros_action/install/actions_cpp:/home/melih/Desktop/ros_action/install/robot_action_interfaces:/home/melih/Desktop/AGV/install/agv_py:/home/melih/Desktop/ros_lifecycle_node/install/lifecycle_node_py:/home/melih/Desktop/ros_example/turtlesim_project/install/turtlesim_py:/home/melih/Desktop/ros_example/edouard_turtlesim_project/install/turtlesim_catch_them_all:/home/melih/Desktop/ros_example/battery_led_states/install/package_py:/home/melih/Desktop/ros_py/install/my_robot:/home/melih/Desktop/ros_action/install/actions_py:/opt/ros/humble LD_LIBRARY_PATH=/home/melih/Desktop/AGV/install/agv_interfaces/lib:${LD_LIBRARY_PATH} PYTHONPATH=/home/melih/Desktop/AGV/install/agv_interfaces/local/lib/python3.10/dist-packages:${PYTHONPATH} /usr/bin/cmake --build /home/melih/Desktop/AGV/build/agv_cpp -- -j4 -l4
[1.461s] [ 50%] [32mBuilding CXX object CMakeFiles/main_node.dir/src/main_node.cpp.o[0m
[6.377s] [01m[K/home/melih/Desktop/AGV/src/agv_cpp/src/main_node.cpp:1604:49:[m[K [01;31m[Kerror: [m[Kâ€˜[01m[Kagv_interface[m[Kâ€™ was not declared in this scope; did you mean â€˜[01m[Kagv_interfaces[m[Kâ€™?
[6.378s]  1604 |     void command_callback(const std::shared_ptr<[01;31m[Kagv_interface[m[K::srv::Command::Request> request,
[6.378s]       |                                                 [01;31m[K^~~~~~~~~~~~~[m[K
[6.378s]       |                                                 [32m[Kagv_interfaces[m[K
[6.378s] [01m[K/home/melih/Desktop/AGV/src/agv_cpp/src/main_node.cpp:1604:85:[m[K [01;31m[Kerror: [m[Ktemplate argument 1 is invalid
[6.378s]  1604 |     void command_callback(const std::shared_ptr<agv_interface::srv::Command::Request[01;31m[K>[m[K request,
[6.378s]       |                                                                                     [01;31m[K^[m[K
[6.387s] [01m[K/home/melih/Desktop/AGV/src/agv_cpp/src/main_node.cpp:1604:49:[m[K [01;31m[Kerror: [m[Kâ€˜[01m[Kagv_interface[m[Kâ€™ was not declared in this scope; did you mean â€˜[01m[Kagv_interfaces[m[Kâ€™?
[6.387s]  1604 |     void command_callback(const std::shared_ptr<[01;31m[Kagv_interface[m[K::srv::Command::Request> request,
[6.387s]       |                                                 [01;31m[K^~~~~~~~~~~~~[m[K
[6.388s]       |                                                 [32m[Kagv_interfaces[m[K
[6.388s] [01m[K/home/melih/Desktop/AGV/src/agv_cpp/src/main_node.cpp:1604:85:[m[K [01;31m[Kerror: [m[Ktemplate argument 1 is invalid
[6.388s]  1604 |     void command_callback(const std::shared_ptr<agv_interface::srv::Command::Request[01;31m[K>[m[K request,
[6.388s]       |                                                                                     [01;31m[K^[m[K
[6.398s] [01m[K/home/melih/Desktop/AGV/src/agv_cpp/src/main_node.cpp:1604:49:[m[K [01;31m[Kerror: [m[Kâ€˜[01m[Kagv_interface[m[Kâ€™ was not declared in this scope; did you mean â€˜[01m[Kagv_interfaces[m[Kâ€™?
[6.398s]  1604 |     void command_callback(const std::shared_ptr<[01;31m[Kagv_interface[m[K::srv::Command::Request> request,
[6.398s]       |                                                 [01;31m[K^~~~~~~~~~~~~[m[K
[6.399s]       |                                                 [32m[Kagv_interfaces[m[K
[6.399s] [01m[K/home/melih/Desktop/AGV/src/agv_cpp/src/main_node.cpp:1604:85:[m[K [01;31m[Kerror: [m[Ktemplate argument 1 is invalid
[6.399s]  1604 |     void command_callback(const std::shared_ptr<agv_interface::srv::Command::Request[01;31m[K>[m[K request,
[6.399s]       |                                                                                     [01;31m[K^[m[K
[6.399s] [01m[K/home/melih/Desktop/AGV/src/agv_cpp/src/main_node.cpp:1604:33:[m[K [01;31m[Kerror: [m[Kinvalid template-id
[6.400s]  1604 |     void command_callback(const [01;31m[Kstd[m[K::shared_ptr<agv_interface::srv::Command::Request> request,
[6.400s]       |                                 [01;31m[K^~~[m[K
[6.400s] [01m[K/home/melih/Desktop/AGV/src/agv_cpp/src/main_node.cpp:1604:49:[m[K [01;31m[Kerror: [m[Kâ€˜[01m[Kagv_interface[m[Kâ€™ has not been declared
[6.400s]  1604 |     void command_callback(const std::shared_ptr<[01;31m[Kagv_interface[m[K::srv::Command::Request> request,
[6.400s]       |                                                 [01;31m[K^~~~~~~~~~~~~[m[K
[6.400s] [01m[K/home/melih/Desktop/AGV/src/agv_cpp/src/main_node.cpp:1604:27:[m[K [01;31m[Kerror: [m[Kclass template placeholder â€˜[01m[Kstd::shared_ptr[m[Kâ€™ not permitted in this context
[6.401s]  1604 |     void command_callback([01;31m[Kconst[m[K std::shared_ptr<agv_interface::srv::Command::Request> request,
[6.401s]       |                           [01;31m[K^~~~~[m[K
[6.409s] [01m[K/home/melih/Desktop/AGV/src/agv_cpp/src/main_node.cpp:1605:41:[m[K [01;31m[Kerror: [m[Kâ€˜[01m[Kagv_interface[m[Kâ€™ was not declared in this scope; did you mean â€˜[01m[Kagv_interfaces[m[Kâ€™?
[6.409s]  1605 |                         std::shared_ptr<[01;31m[Kagv_interface[m[K::srv::Command::Response> response) {
[6.410s]       |                                         [01;31m[K^~~~~~~~~~~~~[m[K
[6.410s]       |                                         [32m[Kagv_interfaces[m[K
[6.410s] [01m[K/home/melih/Desktop/AGV/src/agv_cpp/src/main_node.cpp:1605:78:[m[K [01;31m[Kerror: [m[Ktemplate argument 1 is invalid
[6.411s]  1605 |                         std::shared_ptr<agv_interface::srv::Command::Response[01;31m[K>[m[K response) {
[6.411s]       |                                                                              [01;31m[K^[m[K
[6.420s] [01m[K/home/melih/Desktop/AGV/src/agv_cpp/src/main_node.cpp:1605:41:[m[K [01;31m[Kerror: [m[Kâ€˜[01m[Kagv_interface[m[Kâ€™ was not declared in this scope; did you mean â€˜[01m[Kagv_interfaces[m[Kâ€™?
[6.420s]  1605 |                         std::shared_ptr<[01;31m[Kagv_interface[m[K::srv::Command::Response> response) {
[6.421s]       |                                         [01;31m[K^~~~~~~~~~~~~[m[K
[6.421s]       |                                         [32m[Kagv_interfaces[m[K
[6.421s] [01m[K/home/melih/Desktop/AGV/src/agv_cpp/src/main_node.cpp:1605:78:[m[K [01;31m[Kerror: [m[Ktemplate argument 1 is invalid
[6.421s]  1605 |                         std::shared_ptr<agv_interface::srv::Command::Response[01;31m[K>[m[K response) {
[6.421s]       |                                                                              [01;31m[K^[m[K
[6.430s] [01m[K/home/melih/Desktop/AGV/src/agv_cpp/src/main_node.cpp:1605:41:[m[K [01;31m[Kerror: [m[Kâ€˜[01m[Kagv_interface[m[Kâ€™ was not declared in this scope; did you mean â€˜[01m[Kagv_interfaces[m[Kâ€™?
[6.431s]  1605 |                         std::shared_ptr<[01;31m[Kagv_interface[m[K::srv::Command::Response> response) {
[6.431s]       |                                         [01;31m[K^~~~~~~~~~~~~[m[K
[6.431s]       |                                         [32m[Kagv_interfaces[m[K
[6.431s] [01m[K/home/melih/Desktop/AGV/src/agv_cpp/src/main_node.cpp:1605:78:[m[K [01;31m[Kerror: [m[Ktemplate argument 1 is invalid
[6.431s]  1605 |                         std::shared_ptr<agv_interface::srv::Command::Response[01;31m[K>[m[K response) {
[6.432s]       |                                                                              [01;31m[K^[m[K
[6.432s] [01m[K/home/melih/Desktop/AGV/src/agv_cpp/src/main_node.cpp:1605:25:[m[K [01;31m[Kerror: [m[Kinvalid template-id
[6.432s]  1605 |                         [01;31m[Kstd[m[K::shared_ptr<agv_interface::srv::Command::Response> response) {
[6.432s]       |                         [01;31m[K^~~[m[K
[6.433s] [01m[K/home/melih/Desktop/AGV/src/agv_cpp/src/main_node.cpp:1605:41:[m[K [01;31m[Kerror: [m[Kâ€˜[01m[Kagv_interface[m[Kâ€™ has not been declared
[6.433s]  1605 |                         std::shared_ptr<[01;31m[Kagv_interface[m[K::srv::Command::Response> response) {
[6.433s]       |                                         [01;31m[K^~~~~~~~~~~~~[m[K
[6.433s] [01m[K/home/melih/Desktop/AGV/src/agv_cpp/src/main_node.cpp:1605:25:[m[K [01;31m[Kerror: [m[Kclass template placeholder â€˜[01m[Kstd::shared_ptr[m[Kâ€™ not permitted in this context
[6.433s]  1605 |                         [01;31m[Kstd[m[K::shared_ptr<agv_interface::srv::Command::Response> response) {
[6.434s]       |                         [01;31m[K^~~[m[K
[6.612s] [01m[K/home/melih/Desktop/AGV/src/agv_cpp/src/main_node.cpp:1742:21:[m[K [01;31m[Kerror: [m[Kâ€˜[01m[Kagv_interface[m[Kâ€™ was not declared in this scope; did you mean â€˜[01m[Kagv_interfaces[m[Kâ€™?
[6.613s]  1742 |     rclcpp::Service<[01;31m[Kagv_interface[m[K::srv::Command>::SharedPtr web_command_service_;
[6.613s]       |                     [01;31m[K^~~~~~~~~~~~~[m[K
[6.613s]       |                     [32m[Kagv_interfaces[m[K
[6.613s] [01m[K/home/melih/Desktop/AGV/src/agv_cpp/src/main_node.cpp:1742:48:[m[K [01;31m[Kerror: [m[Ktemplate argument 1 is invalid
[6.613s]  1742 |     rclcpp::Service<agv_interface::srv::Command[01;31m[K>[m[K::SharedPtr web_command_service_;
[6.613s]       |                                                [01;31m[K^[m[K
[6.614s] [01m[K/home/melih/Desktop/AGV/src/agv_cpp/src/main_node.cpp:1742:51:[m[K [01;31m[Kerror: [m[Kexpected â€˜[01m[K;[m[Kâ€™ at end of member declaration
[6.614s]  1742 |     rclcpp::Service<agv_interface::srv::Command>::[01;31m[KSharedPtr[m[K web_command_service_;
[6.614s]       |                                                   [01;31m[K^~~~~~~~~[m[K
[6.614s]       |                                                            [32m[K;[m[K
[6.619s] [01m[K/home/melih/Desktop/AGV/src/agv_cpp/src/main_node.cpp:1742:61:[m[K [01;31m[Kerror: [m[Kâ€˜[01m[Kweb_command_service_[m[Kâ€™ does not name a type
[6.620s]  1742 |     rclcpp::Service<agv_interface::srv::Command>::SharedPtr [01;31m[Kweb_command_service_[m[K;
[6.620s]       |                                                             [01;31m[K^~~~~~~~~~~~~~~~~~~~[m[K
[6.629s] [01m[K/home/melih/Desktop/AGV/src/agv_cpp/src/main_node.cpp:1743:20:[m[K [01;31m[Kerror: [m[Kâ€˜[01m[Kagv_interface[m[Kâ€™ was not declared in this scope; did you mean â€˜[01m[Kagv_interfaces[m[Kâ€™?
[6.629s]  1743 |     rclcpp::Client<[01;31m[Kagv_interface[m[K::srv::Command>::SharedPtr deneyap_command_client_;
[6.629s]       |                    [01;31m[K^~~~~~~~~~~~~[m[K
[6.629s]       |                    [32m[Kagv_interfaces[m[K
[6.630s] [01m[K/home/melih/Desktop/AGV/src/agv_cpp/src/main_node.cpp:1743:47:[m[K [01;31m[Kerror: [m[Ktemplate argument 1 is invalid
[6.630s]  1743 |     rclcpp::Client<agv_interface::srv::Command[01;31m[K>[m[K::SharedPtr deneyap_command_client_;
[6.630s]       |                                               [01;31m[K^[m[K
[6.630s] [01m[K/home/melih/Desktop/AGV/src/agv_cpp/src/main_node.cpp:1743:50:[m[K [01;31m[Kerror: [m[Kexpected â€˜[01m[K;[m[Kâ€™ at end of member declaration
[6.630s]  1743 |     rclcpp::Client<agv_interface::srv::Command>::[01;31m[KSharedPtr[m[K deneyap_command_client_;
[6.630s]       |                                                  [01;31m[K^~~~~~~~~[m[K
[6.630s]       |                                                           [32m[K;[m[K
[6.631s] [01m[K/home/melih/Desktop/AGV/src/agv_cpp/src/main_node.cpp:1743:50:[m[K [01;31m[Kerror: [m[Kredeclaration of â€˜[01m[Kint MainNode::SharedPtr[m[Kâ€™
[6.631s] [01m[K/home/melih/Desktop/AGV/src/agv_cpp/src/main_node.cpp:1742:51:[m[K [01;36m[Knote: [m[Kprevious declaration â€˜[01m[Kint MainNode::SharedPtr[m[Kâ€™
[6.631s]  1742 |     rclcpp::Service<agv_interface::srv::Command>::[01;36m[KSharedPtr[m[K web_command_service_;
[6.631s]       |                                                   [01;36m[K^~~~~~~~~[m[K
[6.636s] [01m[K/home/melih/Desktop/AGV/src/agv_cpp/src/main_node.cpp:1743:60:[m[K [01;31m[Kerror: [m[Kâ€˜[01m[Kdeneyap_command_client_[m[Kâ€™ does not name a type
[6.636s]  1743 |     rclcpp::Client<agv_interface::srv::Command>::SharedPtr [01;31m[Kdeneyap_command_client_[m[K;
[6.636s]       |                                                            [01;31m[K^~~~~~~~~~~~~~~~~~~~~~~[m[K
[6.645s] [01m[K/home/melih/Desktop/AGV/src/agv_cpp/src/main_node.cpp:1744:20:[m[K [01;31m[Kerror: [m[Kâ€˜[01m[Kagv_interface[m[Kâ€™ was not declared in this scope; did you mean â€˜[01m[Kagv_interfaces[m[Kâ€™?
[6.646s]  1744 |     rclcpp::Client<[01;31m[Kagv_interface[m[K::srv::LearnWeight>::SharedPtr learn_weight_service_;
[6.646s]       |                    [01;31m[K^~~~~~~~~~~~~[m[K
[6.646s]       |                    [32m[Kagv_interfaces[m[K
[6.646s] [01m[K/home/melih/Desktop/AGV/src/agv_cpp/src/main_node.cpp:1744:51:[m[K [01;31m[Kerror: [m[Ktemplate argument 1 is invalid
[6.646s]  1744 |     rclcpp::Client<agv_interface::srv::LearnWeight[01;31m[K>[m[K::SharedPtr learn_weight_service_;
[6.646s]       |                                                   [01;31m[K^[m[K
[6.647s] [01m[K/home/melih/Desktop/AGV/src/agv_cpp/src/main_node.cpp:1744:54:[m[K [01;31m[Kerror: [m[Kexpected â€˜[01m[K;[m[Kâ€™ at end of member declaration
[6.647s]  1744 |     rclcpp::Client<agv_interface::srv::LearnWeight>::[01;31m[KSharedPtr[m[K learn_weight_service_;
[6.647s]       |                                                      [01;31m[K^~~~~~~~~[m[K
[6.647s]       |                                                               [32m[K;[m[K
[6.647s] [01m[K/home/melih/Desktop/AGV/src/agv_cpp/src/main_node.cpp:1744:54:[m[K [01;31m[Kerror: [m[Kredeclaration of â€˜[01m[Kint MainNode::SharedPtr[m[Kâ€™
[6.648s] [01m[K/home/melih/Desktop/AGV/src/agv_cpp/src/main_node.cpp:1742:51:[m[K [01;36m[Knote: [m[Kprevious declaration â€˜[01m[Kint MainNode::SharedPtr[m[Kâ€™
[6.648s]  1742 |     rclcpp::Service<agv_interface::srv::Command>::[01;36m[KSharedPtr[m[K web_command_service_;
[6.648s]       |                                                   [01;36m[K^~~~~~~~~[m[K
[6.653s] [01m[K/home/melih/Desktop/AGV/src/agv_cpp/src/main_node.cpp:1744:64:[m[K [01;31m[Kerror: [m[Kâ€˜[01m[Klearn_weight_service_[m[Kâ€™ does not name a type
[6.653s]  1744 |     rclcpp::Client<agv_interface::srv::LearnWeight>::SharedPtr [01;31m[Klearn_weight_service_[m[K;
[6.653s]       |                                                                [01;31m[K^~~~~~~~~~~~~~~~~~~~~[m[K
[6.699s] [01m[K/home/melih/Desktop/AGV/src/agv_cpp/src/main_node.cpp:[m[K In constructor â€˜[01m[KMainNode::MainNode()[m[Kâ€™:
[6.699s] [01m[K/home/melih/Desktop/AGV/src/agv_cpp/src/main_node.cpp:34:9:[m[K [01;31m[Kerror: [m[Kâ€˜[01m[Kweb_command_service_[m[Kâ€™ was not declared in this scope
[6.699s]    34 |         [01;31m[Kweb_command_service_[m[K = this->create_service<agv_interface::srv::Command>(
[6.700s]       |         [01;31m[K^~~~~~~~~~~~~~~~~~~~[m[K
[6.709s] [01m[K/home/melih/Desktop/AGV/src/agv_cpp/src/main_node.cpp:34:53:[m[K [01;31m[Kerror: [m[Kâ€˜[01m[Kagv_interface[m[Kâ€™ was not declared in this scope; did you mean â€˜[01m[Kagv_interfaces[m[Kâ€™?
[6.710s]    34 |         web_command_service_ = this->create_service<[01;31m[Kagv_interface[m[K::srv::Command>(
[6.711s]       |                                                     [01;31m[K^~~~~~~~~~~~~[m[K
[6.711s]       |                                                     [32m[Kagv_interfaces[m[K
[6.711s] [01m[K/home/melih/Desktop/AGV/src/agv_cpp/src/main_node.cpp:34:38:[m[K [01;31m[Kerror: [m[Kparse error in template argument list
[6.712s]    34 |         web_command_service_ = this->[01;31m[Kcreate_service<agv_interface::srv::Command>[m[K(
[6.712s]       |                                      [01;31m[K^~~~~~~~~~~~~~~~~~~~~~~~~~~~~~~~~~~~~~~~~~~[m[K
[6.721s] [01m[K/home/melih/Desktop/AGV/src/agv_cpp/src/main_node.cpp:34:81:[m[K [01;31m[Kerror: [m[Kno matching function for call to â€˜[01m[KMainNode::create_service<<expression error> >(const char [8], std::_Bind_helper<false, void (MainNode::*)(...), MainNode*, const std::_Placeholder<1>&, const std::_Placeholder<2>&>::type)[m[Kâ€™
[6.721s]    34 |         web_command_service_ = [01;31m[Kthis->create_service<agv_interface::srv::Command>([m[K
[6.721s]       |                                [01;31m[K~~~~~~~~~~~~~~~~~~~~~~~~~~~~~~~~~~~~~~~~~~~~~~~~~^[m[K
[6.721s]    35 | [01;31m[K            "command", std::bind(&MainNode::command_callback, this, std::placeholders::_1, std::placeholders::_2))[m[K;
[6.722s]       |             [01;31m[K~~~~~~~~~~~~~~~~~~~~~~~~~~~~~~~~~~~~~~~~~~~~~~~~~~~~~~~~~~~~~~~~~~~~~~~~~~~~~~~~~~~~~~~~~~~~~~~~~~~~~~[m[K
[6.722s] In file included from [01m[K/opt/ros/humble/include/rclcpp/rclcpp/executors/single_threaded_executor.hpp:28[m[K,
[6.722s]                  from [01m[K/opt/ros/humble/include/rclcpp/rclcpp/executors.hpp:22[m[K,
[6.722s]                  from [01m[K/opt/ros/humble/include/rclcpp/rclcpp/rclcpp.hpp:155[m[K,
[6.723s]                  from [01m[K/home/melih/Desktop/AGV/src/agv_cpp/src/main_node.cpp:1[m[K:
[6.723s] [01m[K/opt/ros/humble/include/rclcpp/rclcpp/node.hpp:267:3:[m[K [01;36m[Knote: [m[Kcandidate: â€˜[01m[Ktemplate<class ServiceT, class CallbackT> typename rclcpp::Service<ServiceT>::SharedPtr rclcpp::Node::create_service(const string&, CallbackT&&, const rmw_qos_profile_t&, rclcpp::CallbackGroup::SharedPtr)[m[Kâ€™
[6.723s]   267 |   [01;36m[Kcreate_service[m[K(
[6.723s]       |   [01;36m[K^~~~~~~~~~~~~~[m[K
[6.723s] [01m[K/opt/ros/humble/include/rclcpp/rclcpp/node.hpp:267:3:[m[K [01;36m[Knote: [m[K  template argument deduction/substitution failed:
[6.724s] [01m[K/home/melih/Desktop/AGV/src/agv_cpp/src/main_node.cpp:34:81:[m[K [01;31m[Kerror: [m[Ktemplate argument 1 is invalid
[6.724s]    34 |         web_command_service_ = [01;31m[Kthis->create_service<agv_interface::srv::Command>([m[K
[6.724s]       |                                [01;31m[K~~~~~~~~~~~~~~~~~~~~~~~~~~~~~~~~~~~~~~~~~~~~~~~~~^[m[K
[6.724s]    35 | [01;31m[K            "command", std::bind(&MainNode::command_callback, this, std::placeholders::_1, std::placeholders::_2))[m[K;
[6.724s]       |             [01;31m[K~~~~~~~~~~~~~~~~~~~~~~~~~~~~~~~~~~~~~~~~~~~~~~~~~~~~~~~~~~~~~~~~~~~~~~~~~~~~~~~~~~~~~~~~~~~~~~~~~~~~~~[m[K
[6.742s] [01m[K/home/melih/Desktop/AGV/src/agv_cpp/src/main_node.cpp:38:9:[m[K [01;31m[Kerror: [m[Kâ€˜[01m[Kdeneyap_command_client_[m[Kâ€™ was not declared in this scope
[6.743s]    38 |         [01;31m[Kdeneyap_command_client_[m[K = this->create_client<agv_interface::srv::Command>("send_command");
[6.743s]       |         [01;31m[K^~~~~~~~~~~~~~~~~~~~~~~[m[K
[6.743s] [01m[K/home/melih/Desktop/AGV/src/agv_cpp/src/main_node.cpp:38:41:[m[K [01;31m[Kerror: [m[Kparse error in template argument list
[6.743s]    38 |         deneyap_command_client_ = this->[01;31m[Kcreate_client<agv_interface::srv::Command>[m[K("send_command");
[6.744s]       |                                         [01;31m[K^~~~~~~~~~~~~~~~~~~~~~~~~~~~~~~~~~~~~~~~~~[m[K
[6.744s] [01m[K/home/melih/Desktop/AGV/src/agv_cpp/src/main_node.cpp:38:83:[m[K [01;31m[Kerror: [m[Kno matching function for call to â€˜[01m[KMainNode::create_client<agv_interface>(const char [13])[m[Kâ€™
[6.744s]    38 |         deneyap_command_client_ = [01;31m[Kthis->create_client<agv_interface::srv::Command>("send_command")[m[K;
[6.744s]       |                                   [01;31m[K~~~~~~~~~~~~~~~~~~~~~~~~~~~~~~~~~~~~~~~~~~~~~~~~^~~~~~~~~~~~~~~~[m[K
[6.744s] In file included from [01m[K/opt/ros/humble/include/rclcpp/rclcpp/executors/single_threaded_executor.hpp:28[m[K,
[6.745s]                  from [01m[K/opt/ros/humble/include/rclcpp/rclcpp/executors.hpp:22[m[K,
[6.745s]                  from [01m[K/opt/ros/humble/include/rclcpp/rclcpp/rclcpp.hpp:155[m[K,
[6.745s]                  from [01m[K/home/melih/Desktop/AGV/src/agv_cpp/src/main_node.cpp:1[m[K:
[6.745s] [01m[K/opt/ros/humble/include/rclcpp/rclcpp/node.hpp:252:3:[m[K [01;36m[Knote: [m[Kcandidate: â€˜[01m[Ktemplate<class ServiceT> typename rclcpp::Client<ServiceT>::SharedPtr rclcpp::Node::create_client(const string&, const rmw_qos_profile_t&, rclcpp::CallbackGroup::SharedPtr)[m[Kâ€™
[6.745s]   252 |   [01;36m[Kcreate_client[m[K(
[6.746s]       |   [01;36m[K^~~~~~~~~~~~~[m[K
[6.746s] [01m[K/opt/ros/humble/include/rclcpp/rclcpp/node.hpp:252:3:[m[K [01;36m[Knote: [m[K  template argument deduction/substitution failed:
[6.762s] [01m[K/home/melih/Desktop/AGV/src/agv_cpp/src/main_node.cpp:41:9:[m[K [01;31m[Kerror: [m[Kâ€˜[01m[Klearn_weight_service_[m[Kâ€™ was not declared in this scope
[6.762s]    41 |         [01;31m[Klearn_weight_service_[m[K = this->create_client<agv_interface::srv::LearnWeight>("learn_weight");
[6.763s]       |         [01;31m[K^~~~~~~~~~~~~~~~~~~~~[m[K
[6.763s] [01m[K/home/melih/Desktop/AGV/src/agv_cpp/src/main_node.cpp:41:39:[m[K [01;31m[Kerror: [m[Kparse error in template argument list
[6.763s]    41 |         learn_weight_service_ = this->[01;31m[Kcreate_client<agv_interface::srv::LearnWeight>[m[K("learn_weight");
[6.763s]       |                                       [01;31m[K^~~~~~~~~~~~~~~~~~~~~~~~~~~~~~~~~~~~~~~~~~~~~~[m[K
[6.764s] [01m[K/home/melih/Desktop/AGV/src/agv_cpp/src/main_node.cpp:41:85:[m[K [01;31m[Kerror: [m[Kno matching function for call to â€˜[01m[KMainNode::create_client<agv_interface>(const char [13])[m[Kâ€™
[6.764s]    41 |         learn_weight_service_ = [01;31m[Kthis->create_client<agv_interface::srv::LearnWeight>("learn_weight")[m[K;
[6.764s]       |                                 [01;31m[K~~~~~~~~~~~~~~~~~~~~~~~~~~~~~~~~~~~~~~~~~~~~~~~~~~~~^~~~~~~~~~~~~~~~[m[K
[6.764s] In file included from [01m[K/opt/ros/humble/include/rclcpp/rclcpp/executors/single_threaded_executor.hpp:28[m[K,
[6.765s]                  from [01m[K/opt/ros/humble/include/rclcpp/rclcpp/executors.hpp:22[m[K,
[6.765s]                  from [01m[K/opt/ros/humble/include/rclcpp/rclcpp/rclcpp.hpp:155[m[K,
[6.765s]                  from [01m[K/home/melih/Desktop/AGV/src/agv_cpp/src/main_node.cpp:1[m[K:
[6.765s] [01m[K/opt/ros/humble/include/rclcpp/rclcpp/node.hpp:252:3:[m[K [01;36m[Knote: [m[Kcandidate: â€˜[01m[Ktemplate<class ServiceT> typename rclcpp::Client<ServiceT>::SharedPtr rclcpp::Node::create_client(const string&, const rmw_qos_profile_t&, rclcpp::CallbackGroup::SharedPtr)[m[Kâ€™
[6.765s]   252 |   [01;36m[Kcreate_client[m[K(
[6.766s]       |   [01;36m[K^~~~~~~~~~~~~[m[K
[6.766s] [01m[K/opt/ros/humble/include/rclcpp/rclcpp/node.hpp:252:3:[m[K [01;36m[Knote: [m[K  template argument deduction/substitution failed:
[6.814s] [01m[K/home/melih/Desktop/AGV/src/agv_cpp/src/main_node.cpp:[m[K In member function â€˜[01m[Kvoid MainNode::command_callback(...)[m[Kâ€™:
[6.814s] [01m[K/home/melih/Desktop/AGV/src/agv_cpp/src/main_node.cpp:1607:12:[m[K [01;31m[Kerror: [m[Kâ€˜[01m[Krequest[m[Kâ€™ was not declared in this scope
[6.814s]  1607 |         if([01;31m[Krequest[m[K->command == "start_button"){
[6.814s]       |            [01;31m[K^~~~~~~[m[K
[6.826s] [01m[K/home/melih/Desktop/AGV/src/agv_cpp/src/main_node.cpp:1611:13:[m[K [01;31m[Kerror: [m[Kâ€˜[01m[Kresponse[m[Kâ€™ was not declared in this scope
[6.826s]  1611 |             [01;31m[Kresponse[m[K->success=true;
[6.826s]       |             [01;31m[K^~~~~~~~[m[K
[6.836s] [01m[K/home/melih/Desktop/AGV/src/agv_cpp/src/main_node.cpp:1617:13:[m[K [01;31m[Kerror: [m[Kâ€˜[01m[Kresponse[m[Kâ€™ was not declared in this scope
[6.836s]  1617 |             [01;31m[Kresponse[m[K->success=true;
[6.836s]       |             [01;31m[K^~~~~~~~[m[K
[6.846s] [01m[K/home/melih/Desktop/AGV/src/agv_cpp/src/main_node.cpp:1621:13:[m[K [01;31m[Kerror: [m[Kâ€˜[01m[Kresponse[m[Kâ€™ was not declared in this scope
[6.846s]  1621 |             [01;31m[Kresponse[m[K->success=true;
[6.846s]       |             [01;31m[K^~~~~~~~[m[K
[6.856s] [01m[K/home/melih/Desktop/AGV/src/agv_cpp/src/main_node.cpp:1624:13:[m[K [01;31m[Kerror: [m[Kâ€˜[01m[Kresponse[m[Kâ€™ was not declared in this scope
[6.856s]  1624 |             [01;31m[Kresponse[m[K->success = send_request(request->command);
[6.856s]       |             [01;31m[K^~~~~~~~[m[K
[6.865s] [01m[K/home/melih/Desktop/AGV/src/agv_cpp/src/main_node.cpp:[m[K In member function â€˜[01m[Kbool MainNode::send_request(const string&)[m[Kâ€™:
[6.866s] [01m[K/home/melih/Desktop/AGV/src/agv_cpp/src/main_node.cpp:1630:41:[m[K [01;31m[Kerror: [m[Kâ€˜[01m[Kagv_interface[m[Kâ€™ was not declared in this scope; did you mean â€˜[01m[Kagv_interfaces[m[Kâ€™?
[6.866s]  1630 |         auto request = std::make_shared<[01;31m[Kagv_interface[m[K::srv::Command::Request>();
[6.866s]       |                                         [01;31m[K^~~~~~~~~~~~~[m[K
[6.866s]       |                                         [32m[Kagv_interfaces[m[K
[6.866s] [01m[K/home/melih/Desktop/AGV/src/agv_cpp/src/main_node.cpp:1630:29:[m[K [01;31m[Kerror: [m[Kparse error in template argument list
[6.866s]  1630 |         auto request = std::[01;31m[Kmake_shared<agv_interface::srv::Command::Request>[m[K();
[6.867s]       |                             [01;31m[K^~~~~~~~~~~~~~~~~~~~~~~~~~~~~~~~~~~~~~~~~~~~~~~~~[m[K
[6.867s] [01m[K/home/melih/Desktop/AGV/src/agv_cpp/src/main_node.cpp:1630:78:[m[K [01;31m[Kerror: [m[Kno matching function for call to â€˜[01m[Kmake_shared<<expression error> >()[m[Kâ€™
[6.867s]  1630 |         auto request = [01;31m[Kstd::make_shared<agv_interface::srv::Command::Request>()[m[K;
[6.867s]       |                        [01;31m[K~~~~~~~~~~~~~~~~~~~~~~~~~~~~~~~~~~~~~~~~~~~~~~~~~~~~~~^~[m[K
[6.867s] In file included from [01m[K/usr/include/c++/11/memory:77[m[K,
[6.867s]                  from [01m[K/opt/ros/humble/include/rclcpp/rclcpp/rclcpp.hpp:153[m[K,
[6.867s]                  from [01m[K/home/melih/Desktop/AGV/src/agv_cpp/src/main_node.cpp:1[m[K:
[6.867s] [01m[K/usr/include/c++/11/bits/shared_ptr.h:875:5:[m[K [01;36m[Knote: [m[Kcandidate: â€˜[01m[Ktemplate<class _Tp, class ... _Args> std::shared_ptr<_Tp> std::make_shared(_Args&& ...)[m[Kâ€™
[6.868s]   875 |     [01;36m[Kmake_shared[m[K(_Args&&... __args)
[6.868s]       |     [01;36m[K^~~~~~~~~~~[m[K
[6.868s] [01m[K/usr/include/c++/11/bits/shared_ptr.h:875:5:[m[K [01;36m[Knote: [m[K  template argument deduction/substitution failed:
[6.868s] [01m[K/home/melih/Desktop/AGV/src/agv_cpp/src/main_node.cpp:1630:78:[m[K [01;31m[Kerror: [m[Ktemplate argument 1 is invalid
[6.868s]  1630 |         auto request = [01;31m[Kstd::make_shared<agv_interface::srv::Command::Request>()[m[K;
[6.868s]       |                        [01;31m[K~~~~~~~~~~~~~~~~~~~~~~~~~~~~~~~~~~~~~~~~~~~~~~~~~~~~~~^~[m[K
[6.886s] [01m[K/home/melih/Desktop/AGV/src/agv_cpp/src/main_node.cpp:1634:14:[m[K [01;31m[Kerror: [m[Kâ€˜[01m[Kdeneyap_command_client_[m[Kâ€™ was not declared in this scope
[6.887s]  1634 |         if (![01;31m[Kdeneyap_command_client_[m[K->wait_for_service(std::chrono::seconds(30))) {
[6.887s]       |              [01;31m[K^~~~~~~~~~~~~~~~~~~~~~~[m[K
[6.888s] [01m[K/home/melih/Desktop/AGV/src/agv_cpp/src/main_node.cpp:1642:59:[m[K [01;31m[Kerror: [m[Kâ€˜[01m[KServiceResponseFuture[m[Kâ€™ has not been declared
[6.888s]  1642 |         auto response_received_callback = [this, command]([01;31m[KServiceResponseFuture[m[K future) {
[6.888s]       |                                                           [01;31m[K^~~~~~~~~~~~~~~~~~~~~[m[K
[6.888s] [01m[K/home/melih/Desktop/AGV/src/agv_cpp/src/main_node.cpp:[m[K In lambda function:
[6.889s] [01m[K/home/melih/Desktop/AGV/src/agv_cpp/src/main_node.cpp:1644:40:[m[K [01;31m[Kerror: [m[Krequest for member â€˜[01m[Kget[m[Kâ€™ in â€˜[01m[Kfuture[m[Kâ€™, which is of non-class type â€˜[01m[Kint[m[Kâ€™
[6.889s]  1644 |                 auto response = future.[01;31m[Kget[m[K();
[6.889s]       |                                        [01;31m[K^~~[m[K
[6.913s] [01m[K/home/melih/Desktop/AGV/src/agv_cpp/src/main_node.cpp:[m[K In member function â€˜[01m[Kbool MainNode::send_request(const string&)[m[Kâ€™:
[6.913s] [01m[K/home/melih/Desktop/AGV/src/agv_cpp/src/main_node.cpp:1651:23:[m[K [01;31m[Kerror: [m[Kâ€˜[01m[Kdeneyap_command_client_[m[Kâ€™ was not declared in this scope
[6.914s]  1651 |         auto future = [01;31m[Kdeneyap_command_client_[m[K->async_send_request(request, response_received_callback);
[6.914s]       |                       [01;31m[K^~~~~~~~~~~~~~~~~~~~~~~[m[K
[6.928s] [01m[K/home/melih/Desktop/AGV/src/agv_cpp/src/main_node.cpp:[m[K In member function â€˜[01m[Kfloat MainNode::send_weight_request()[m[Kâ€™:
[6.929s] [01m[K/home/melih/Desktop/AGV/src/agv_cpp/src/main_node.cpp:1703:41:[m[K [01;31m[Kerror: [m[Kâ€˜[01m[Kagv_interface[m[Kâ€™ was not declared in this scope; did you mean â€˜[01m[Kagv_interfaces[m[Kâ€™?
[6.929s]  1703 |         auto request = std::make_shared<[01;31m[Kagv_interface[m[K::srv::LearnWeight::Request>();
[6.929s]       |                                         [01;31m[K^~~~~~~~~~~~~[m[K
[6.929s]       |                                         [32m[Kagv_interfaces[m[K
[6.929s] [01m[K/home/melih/Desktop/AGV/src/agv_cpp/src/main_node.cpp:1703:29:[m[K [01;31m[Kerror: [m[Kparse error in template argument list
[6.929s]  1703 |         auto request = std::[01;31m[Kmake_shared<agv_interface::srv::LearnWeight::Request>[m[K();
[6.929s]       |                             [01;31m[K^~~~~~~~~~~~~~~~~~~~~~~~~~~~~~~~~~~~~~~~~~~~~~~~~~~~~[m[K
[6.930s] [01m[K/home/melih/Desktop/AGV/src/agv_cpp/src/main_node.cpp:1703:82:[m[K [01;31m[Kerror: [m[Kno matching function for call to â€˜[01m[Kmake_shared<<expression error> >()[m[Kâ€™
[6.930s]  1703 |         auto request = [01;31m[Kstd::make_shared<agv_interface::srv::LearnWeight::Request>()[m[K;
[6.930s]       |                        [01;31m[K~~~~~~~~~~~~~~~~~~~~~~~~~~~~~~~~~~~~~~~~~~~~~~~~~~~~~~~~~~^~[m[K
[6.930s] In file included from [01m[K/usr/include/c++/11/memory:77[m[K,
[6.930s]                  from [01m[K/opt/ros/humble/include/rclcpp/rclcpp/rclcpp.hpp:153[m[K,
[6.930s]                  from [01m[K/home/melih/Desktop/AGV/src/agv_cpp/src/main_node.cpp:1[m[K:
[6.930s] [01m[K/usr/include/c++/11/bits/shared_ptr.h:875:5:[m[K [01;36m[Knote: [m[Kcandidate: â€˜[01m[Ktemplate<class _Tp, class ... _Args> std::shared_ptr<_Tp> std::make_shared(_Args&& ...)[m[Kâ€™
[6.930s]   875 |     [01;36m[Kmake_shared[m[K(_Args&&... __args)
[6.931s]       |     [01;36m[K^~~~~~~~~~~[m[K
[6.931s] [01m[K/usr/include/c++/11/bits/shared_ptr.h:875:5:[m[K [01;36m[Knote: [m[K  template argument deduction/substitution failed:
[6.931s] [01m[K/home/melih/Desktop/AGV/src/agv_cpp/src/main_node.cpp:1703:82:[m[K [01;31m[Kerror: [m[Ktemplate argument 1 is invalid
[6.931s]  1703 |         auto request = [01;31m[Kstd::make_shared<agv_interface::srv::LearnWeight::Request>()[m[K;
[6.931s]       |                        [01;31m[K~~~~~~~~~~~~~~~~~~~~~~~~~~~~~~~~~~~~~~~~~~~~~~~~~~~~~~~~~~^~[m[K
[6.948s] [01m[K/home/melih/Desktop/AGV/src/agv_cpp/src/main_node.cpp:1707:14:[m[K [01;31m[Kerror: [m[Kâ€˜[01m[Klearn_weight_service_[m[Kâ€™ was not declared in this scope
[6.948s]  1707 |         if (![01;31m[Klearn_weight_service_[m[K->wait_for_service(std::chrono::seconds(30))) {
[6.948s]       |              [01;31m[K^~~~~~~~~~~~~~~~~~~~~[m[K
[6.967s] [01m[K/home/melih/Desktop/AGV/src/agv_cpp/src/main_node.cpp:1713:23:[m[K [01;31m[Kerror: [m[Kâ€˜[01m[Klearn_weight_service_[m[Kâ€™ was not declared in this scope
[6.967s]  1713 |         auto future = [01;31m[Klearn_weight_service_[m[K->async_send_request(request);
[6.967s]       |                       [01;31m[K^~~~~~~~~~~~~~~~~~~~~[m[K
[12.908s] gmake[2]: *** [CMakeFiles/main_node.dir/build.make:76: CMakeFiles/main_node.dir/src/main_node.cpp.o] Error 1
[12.908s] gmake[1]: *** [CMakeFiles/Makefile2:137: CMakeFiles/main_node.dir/all] Error 2
[12.909s] gmake: *** [Makefile:146: all] Error 2
[12.912s] Invoked command in '/home/melih/Desktop/AGV/build/agv_cpp' returned '2': AMENT_PREFIX_PATH=/home/melih/Desktop/AGV/install/agv_interfaces:${AMENT_PREFIX_PATH} CMAKE_PREFIX_PATH=/home/melih/Desktop/AGV/install/agv_interfaces:/home/melih/Desktop/AGV/install/agv_launch:/home/melih/Desktop/AGV/install/agv_cpp:/home/melih/Desktop/AGV/install/agv_interface:/home/melih/Desktop/New_Folder_1/install/ydlidar_ros2_driver:/home/melih/Desktop/ros_lifecycle_node/install/lifecycle_node_cpp:/home/melih/Desktop/ros_example/turtlesim_project/install/turtlesim_launch_bringup:/home/melih/Desktop/ros_example/edouard_turtlesim_project/install/turtlesim_catch_them_all_launch_bringup:/home/melih/Desktop/ros_example/battery_led_states/install/package_cpp:/home/melih/Desktop/ros_msgs/install/my_robot_interfaces:/home/melih/Desktop/ros_cpp2/install/rdr2:/home/melih/Desktop/ros_py/install/my_robot_bringup:/home/melih/Desktop/ros_action/install/actions_cpp:/home/melih/Desktop/ros_action/install/robot_action_interfaces:/home/melih/Desktop/AGV/install/agv_py:/home/melih/Desktop/ros_lifecycle_node/install/lifecycle_node_py:/home/melih/Desktop/ros_example/turtlesim_project/install/turtlesim_py:/home/melih/Desktop/ros_example/edouard_turtlesim_project/install/turtlesim_catch_them_all:/home/melih/Desktop/ros_example/battery_led_states/install/package_py:/home/melih/Desktop/ros_py/install/my_robot:/home/melih/Desktop/ros_action/install/actions_py:/opt/ros/humble LD_LIBRARY_PATH=/home/melih/Desktop/AGV/install/agv_interfaces/lib:${LD_LIBRARY_PATH} PYTHONPATH=/home/melih/Desktop/AGV/install/agv_interfaces/local/lib/python3.10/dist-packages:${PYTHONPATH} /usr/bin/cmake --build /home/melih/Desktop/AGV/build/agv_cpp -- -j4 -l4
