[0.000000] (-) TimerEvent: {}
[0.003584] (agv_interfaces) JobQueued: {'identifier': 'agv_interfaces', 'dependencies': OrderedDict()}
[0.003749] (agv_py) JobQueued: {'identifier': 'agv_py', 'dependencies': OrderedDict()}
[0.003827] (agv_cpp) JobQueued: {'identifier': 'agv_cpp', 'dependencies': OrderedDict([('agv_interfaces', '/home/melih/Desktop/AGV/install/agv_interfaces')])}
[0.003904] (agv_launch) JobQueued: {'identifier': 'agv_launch', 'dependencies': OrderedDict([('agv_interfaces', '/home/melih/Desktop/AGV/install/agv_interfaces'), ('agv_py', '/home/melih/Desktop/AGV/install/agv_py'), ('agv_cpp', '/home/melih/Desktop/AGV/install/agv_cpp')])}
[0.003981] (agv_interfaces) JobStarted: {'identifier': 'agv_interfaces'}
[0.040042] (agv_py) JobStarted: {'identifier': 'agv_py'}
[0.104975] (-) TimerEvent: {}
[0.110475] (agv_interfaces) JobProgress: {'identifier': 'agv_interfaces', 'progress': 'cmake'}
[0.118498] (agv_interfaces) JobProgress: {'identifier': 'agv_interfaces', 'progress': 'build'}
[0.120584] (agv_interfaces) Command: {'cmd': ['/usr/bin/cmake', '--build', '/home/melih/Desktop/AGV/build/agv_interfaces', '--', '-j4', '-l4'], 'cwd': '/home/melih/Desktop/AGV/build/agv_interfaces', 'env': OrderedDict([('GJS_DEBUG_TOPICS', 'JS ERROR;JS LOG'), ('LESSOPEN', '| /usr/bin/lesspipe %s'), ('USER', 'melih'), ('LC_TIME', 'tr_TR.UTF-8'), ('XDG_SESSION_TYPE', 'wayland'), ('SHLVL', '1'), ('LD_LIBRARY_PATH', '/home/melih/Desktop/AGV/install/agv_interfaces/lib:/home/melih/Desktop/ros_msgs/install/my_robot_interfaces/lib:/home/melih/Desktop/ros_action/install/robot_action_interfaces/lib:/usr/lib/x86_64-linux-gnu/gazebo-11/plugins:/opt/ros/humble/opt/rviz_ogre_vendor/lib:/opt/ros/humble/lib/x86_64-linux-gnu:/opt/ros/humble/lib'), ('HOME', '/home/melih'), ('OLDPWD', '/home/melih/Desktop/AGV/src'), ('DESKTOP_SESSION', 'ubuntu'), ('GIO_LAUNCHED_DESKTOP_FILE', '/usr/share/applications/terminator.desktop'), ('ROS_PYTHON_VERSION', '3'), ('GNOME_SHELL_SESSION_MODE', 'ubuntu'), ('GTK_MODULES', 'gail:atk-bridge'), ('LC_MONETARY', 'tr_TR.UTF-8'), ('MANAGERPID', '1296'), ('SYSTEMD_EXEC_PID', '1461'), ('DBUS_SESSION_BUS_ADDRESS', 'unix:path=/run/user/1000/bus'), ('COLORTERM', 'truecolor'), ('TERMINATOR_DBUS_NAME', 'net.tenshu.Terminator25ef4b219e3b005583550f2b0f9f990c3'), ('GIO_LAUNCHED_DESKTOP_FILE_PID', '11847'), ('IM_CONFIG_PHASE', '1'), ('WAYLAND_DISPLAY', 'wayland-0'), ('COLCON_PREFIX_PATH', '/home/melih/Desktop/New_Folder_1/install:/home/melih/Desktop/ros_lifecycle_node/install:/home/melih/Desktop/ros_example/turtlesim_project/install:/home/melih/Desktop/ros_example/edouard_turtlesim_project/install:/home/melih/Desktop/ros_example/battery_led_states/install:/home/melih/Desktop/ros_msgs/install:/home/melih/Desktop/ros_cpp2/install:/home/melih/Desktop/ros_py/install:/home/melih/Desktop/AGV/install:/home/melih/Desktop/ros_ws/install:/home/melih/Desktop/ros_action/install'), ('ROS_DISTRO', 'humble'), ('LOGNAME', 'melih'), ('JOURNAL_STREAM', '8:11151'), ('_', '/home/melih/.local/bin/colcon'), ('ROS_VERSION', '2'), ('XDG_SESSION_CLASS', 'user'), ('USERNAME', 'melih'), ('TERM', 'xterm-256color'), ('GNOME_DESKTOP_SESSION_ID', 'this-is-deprecated'), ('ROS_LOCALHOST_ONLY', '0'), ('PATH', '/opt/ros/humble/bin:/home/melih/.local/bin:/usr/local/sbin:/usr/local/bin:/usr/sbin:/usr/bin:/sbin:/bin:/usr/games:/usr/local/games:/snap/bin:/snap/bin'), ('SESSION_MANAGER', 'local/melih-ideapad:@/tmp/.ICE-unix/1437,unix/melih-ideapad:/tmp/.ICE-unix/1437'), ('INVOCATION_ID', '8520afbdb3b14e648cae9315f1fc5bcb'), ('XDG_MENU_PREFIX', 'gnome-'), ('LC_ADDRESS', 'tr_TR.UTF-8'), ('GNOME_SETUP_DISPLAY', ':1'), ('XDG_RUNTIME_DIR', '/run/user/1000'), ('DISPLAY', ':0'), ('TERMINATOR_DBUS_PATH', '/net/tenshu/Terminator2'), ('LANG', 'en_US.UTF-8'), ('XDG_CURRENT_DESKTOP', 'ubuntu:GNOME'), ('IBUS_DISABLE_SNOOPER', '1'), ('LC_TELEPHONE', 'tr_TR.UTF-8'), ('RMW_IMPLEMENTATION', 'rmw_cyclonedds_cpp'), ('XMODIFIERS', '@im=ibus'), ('XDG_SESSION_DESKTOP', 'ubuntu'), ('XAUTHORITY', '/run/user/1000/.mutter-Xwaylandauth.RSNIT2'), ('LS_COLORS', 'rs=0:di=01;34:ln=01;36:mh=00:pi=40;33:so=01;35:do=01;35:bd=40;33;01:cd=40;33;01:or=40;31;01:mi=00:su=37;41:sg=30;43:ca=30;41:tw=30;42:ow=34;42:st=37;44:ex=01;32:*.tar=01;31:*.tgz=01;31:*.arc=01;31:*.arj=01;31:*.taz=01;31:*.lha=01;31:*.lz4=01;31:*.lzh=01;31:*.lzma=01;31:*.tlz=01;31:*.txz=01;31:*.tzo=01;31:*.t7z=01;31:*.zip=01;31:*.z=01;31:*.dz=01;31:*.gz=01;31:*.lrz=01;31:*.lz=01;31:*.lzo=01;31:*.xz=01;31:*.zst=01;31:*.tzst=01;31:*.bz2=01;31:*.bz=01;31:*.tbz=01;31:*.tbz2=01;31:*.tz=01;31:*.deb=01;31:*.rpm=01;31:*.jar=01;31:*.war=01;31:*.ear=01;31:*.sar=01;31:*.rar=01;31:*.alz=01;31:*.ace=01;31:*.zoo=01;31:*.cpio=01;31:*.7z=01;31:*.rz=01;31:*.cab=01;31:*.wim=01;31:*.swm=01;31:*.dwm=01;31:*.esd=01;31:*.jpg=01;35:*.jpeg=01;35:*.mjpg=01;35:*.mjpeg=01;35:*.gif=01;35:*.bmp=01;35:*.pbm=01;35:*.pgm=01;35:*.ppm=01;35:*.tga=01;35:*.xbm=01;35:*.xpm=01;35:*.tif=01;35:*.tiff=01;35:*.png=01;35:*.svg=01;35:*.svgz=01;35:*.mng=01;35:*.pcx=01;35:*.mov=01;35:*.mpg=01;35:*.mpeg=01;35:*.m2v=01;35:*.mkv=01;35:*.webm=01;35:*.webp=01;35:*.ogm=01;35:*.mp4=01;35:*.m4v=01;35:*.mp4v=01;35:*.vob=01;35:*.qt=01;35:*.nuv=01;35:*.wmv=01;35:*.asf=01;35:*.rm=01;35:*.rmvb=01;35:*.flc=01;35:*.avi=01;35:*.fli=01;35:*.flv=01;35:*.gl=01;35:*.dl=01;35:*.xcf=01;35:*.xwd=01;35:*.yuv=01;35:*.cgm=01;35:*.emf=01;35:*.ogv=01;35:*.ogx=01;35:*.aac=00;36:*.au=00;36:*.flac=00;36:*.m4a=00;36:*.mid=00;36:*.midi=00;36:*.mka=00;36:*.mp3=00;36:*.mpc=00;36:*.ogg=00;36:*.ra=00;36:*.wav=00;36:*.oga=00;36:*.opus=00;36:*.spx=00;36:*.xspf=00;36:'), ('SSH_AGENT_LAUNCHER', 'gnome-keyring'), ('SSH_AUTH_SOCK', '/run/user/1000/keyring/ssh'), ('AMENT_PREFIX_PATH', '/home/melih/Desktop/AGV/install/agv_launch:/home/melih/Desktop/AGV/install/agv_py:/home/melih/Desktop/AGV/install/agv_cpp:/home/melih/Desktop/AGV/install/agv_interfaces:/home/melih/Desktop/New_Folder_1/install/ydlidar_ros2_driver:/home/melih/Desktop/ros_lifecycle_node/install/lifecycle_node_py:/home/melih/Desktop/ros_lifecycle_node/install/lifecycle_node_cpp:/home/melih/Desktop/ros_example/turtlesim_project/install/turtlesim_launch_bringup:/home/melih/Desktop/ros_example/turtlesim_project/install/turtlesim_py:/home/melih/Desktop/ros_example/edouard_turtlesim_project/install/turtlesim_catch_them_all_launch_bringup:/home/melih/Desktop/ros_example/edouard_turtlesim_project/install/turtlesim_catch_them_all:/home/melih/Desktop/ros_example/battery_led_states/install/package_py:/home/melih/Desktop/ros_example/battery_led_states/install/package_cpp:/home/melih/Desktop/ros_msgs/install/my_robot_interfaces:/home/melih/Desktop/ros_cpp2/install/rdr2:/home/melih/Desktop/ros_py/install/my_robot_bringup:/home/melih/Desktop/ros_py/install/my_robot:/home/melih/Desktop/ros_action/install/actions_py:/home/melih/Desktop/ros_action/install/actions_cpp:/home/melih/Desktop/ros_action/install/robot_action_interfaces:/opt/ros/humble'), ('SHELL', '/bin/bash'), ('LC_NAME', 'tr_TR.UTF-8'), ('TERMINATOR_UUID', 'urn:uuid:2e10e3e3-6edb-4b71-bb8b-df097d8ac9a5'), ('QT_ACCESSIBILITY', '1'), ('GDMSESSION', 'ubuntu'), ('LESSCLOSE', '/usr/bin/lesspipe %s %s'), ('LC_MEASUREMENT', 'tr_TR.UTF-8'), ('GJS_DEBUG_OUTPUT', 'stderr'), ('LC_IDENTIFICATION', 'tr_TR.UTF-8'), ('QT_IM_MODULE', 'ibus'), ('PWD', '/home/melih/Desktop/AGV/build/agv_interfaces'), ('TURTLEBOT3_MODEL', 'waffle'), ('LC_ALL', 'en_US.UTF-8'), ('XDG_CONFIG_DIRS', '/etc/xdg/xdg-ubuntu:/etc/xdg'), ('XDG_DATA_DIRS', '/usr/share/ubuntu:/usr/local/share/:/usr/share/:/var/lib/snapd/desktop'), ('PYTHONPATH', '/home/melih/Desktop/AGV/install/agv_py/lib/python3.10/site-packages:/home/melih/Desktop/AGV/install/agv_interfaces/local/lib/python3.10/dist-packages:/home/melih/Desktop/ros_lifecycle_node/install/lifecycle_node_py/lib/python3.10/site-packages:/home/melih/Desktop/ros_example/turtlesim_project/install/turtlesim_py/lib/python3.10/site-packages:/home/melih/Desktop/ros_example/edouard_turtlesim_project/install/turtlesim_catch_them_all/lib/python3.10/site-packages:/home/melih/Desktop/ros_example/battery_led_states/install/package_py/lib/python3.10/site-packages:/home/melih/Desktop/ros_msgs/install/my_robot_interfaces/local/lib/python3.10/dist-packages:/home/melih/Desktop/ros_py/install/my_robot/lib/python3.10/site-packages:/home/melih/Desktop/ros_action/install/actions_py/lib/python3.10/site-packages:/home/melih/Desktop/ros_action/install/robot_action_interfaces/local/lib/python3.10/dist-packages:/opt/ros/humble/lib/python3.10/site-packages:/opt/ros/humble/local/lib/python3.10/dist-packages'), ('LC_NUMERIC', 'tr_TR.UTF-8'), ('LC_PAPER', 'tr_TR.UTF-8'), ('COLCON', '1'), ('VTE_VERSION', '6800'), ('CMAKE_PREFIX_PATH', '/home/melih/Desktop/AGV/install/agv_launch:/home/melih/Desktop/AGV/install/agv_cpp:/home/melih/Desktop/AGV/install/agv_interfaces:/home/melih/Desktop/New_Folder_1/install/ydlidar_ros2_driver:/home/melih/Desktop/ros_lifecycle_node/install/lifecycle_node_cpp:/home/melih/Desktop/ros_example/turtlesim_project/install/turtlesim_launch_bringup:/home/melih/Desktop/ros_example/edouard_turtlesim_project/install/turtlesim_catch_them_all_launch_bringup:/home/melih/Desktop/ros_example/battery_led_states/install/package_cpp:/home/melih/Desktop/ros_msgs/install/my_robot_interfaces:/home/melih/Desktop/ros_cpp2/install/rdr2:/home/melih/Desktop/ros_py/install/my_robot_bringup:/home/melih/Desktop/ros_action/install/actions_cpp:/home/melih/Desktop/ros_action/install/robot_action_interfaces:/home/melih/Desktop/AGV/install/agv_py:/home/melih/Desktop/ros_lifecycle_node/install/lifecycle_node_py:/home/melih/Desktop/ros_example/turtlesim_project/install/turtlesim_py:/home/melih/Desktop/ros_example/edouard_turtlesim_project/install/turtlesim_catch_them_all:/home/melih/Desktop/ros_example/battery_led_states/install/package_py:/home/melih/Desktop/ros_py/install/my_robot:/home/melih/Desktop/ros_action/install/actions_py:/opt/ros/humble')]), 'shell': False}
[0.205129] (-) TimerEvent: {}
[0.305812] (-) TimerEvent: {}
[0.412533] (-) TimerEvent: {}
[0.515534] (-) TimerEvent: {}
[0.616156] (-) TimerEvent: {}
[0.719453] (-) TimerEvent: {}
[0.824503] (-) TimerEvent: {}
[0.928115] (-) TimerEvent: {}
[1.032436] (-) TimerEvent: {}
[1.133686] (-) TimerEvent: {}
[1.248443] (-) TimerEvent: {}
[1.352584] (-) TimerEvent: {}
[1.453654] (-) TimerEvent: {}
[1.554579] (-) TimerEvent: {}
[1.657467] (-) TimerEvent: {}
[1.763028] (-) TimerEvent: {}
[1.863531] (-) TimerEvent: {}
[1.965595] (-) TimerEvent: {}
[2.066035] (-) TimerEvent: {}
[2.172900] (-) TimerEvent: {}
[2.275770] (-) TimerEvent: {}
[2.376494] (-) TimerEvent: {}
[2.482900] (-) TimerEvent: {}
[2.575482] (agv_py) JobEnded: {'identifier': 'agv_py', 'rc': 0}
[2.588852] (agv_interfaces) StdoutLine: {'line': b'[  2%] Built target agv_interfaces__cpp\n'}
[2.589846] (-) TimerEvent: {}
[2.590116] (agv_interfaces) StdoutLine: {'line': b'[ 12%] Built target agv_interfaces__rosidl_generator_c\n'}
[2.590513] (agv_interfaces) StdoutLine: {'line': b'[ 12%] Built target ament_cmake_python_copy_agv_interfaces\n'}
[2.590884] (agv_interfaces) StdoutLine: {'line': b'[ 23%] Built target agv_interfaces__rosidl_typesupport_cpp\n'}
[2.591147] (agv_interfaces) StdoutLine: {'line': b'[ 33%] Built target agv_interfaces__rosidl_typesupport_fastrtps_cpp\n'}
[2.595972] (agv_interfaces) StdoutLine: {'line': b'[ 43%] Built target agv_interfaces__rosidl_typesupport_introspection_cpp\n'}
[2.605488] (agv_interfaces) StdoutLine: {'line': b'[ 53%] Built target agv_interfaces__rosidl_typesupport_c\n'}
[2.609505] (agv_interfaces) StdoutLine: {'line': b'[ 64%] Built target agv_interfaces__rosidl_typesupport_introspection_c\n'}
[2.609910] (agv_interfaces) StdoutLine: {'line': b'[ 74%] Built target agv_interfaces__rosidl_typesupport_fastrtps_c\n'}
[2.610164] (agv_interfaces) StdoutLine: {'line': b'[ 74%] Built target agv_interfaces\n'}
[2.610404] (agv_interfaces) StdoutLine: {'line': b'[ 76%] Built target agv_interfaces__py\n'}
[2.610654] (agv_interfaces) StdoutLine: {'line': b'[ 84%] Built target agv_interfaces__rosidl_generator_py\n'}
[2.610875] (agv_interfaces) StdoutLine: {'line': b'[ 89%] Built target agv_interfaces__rosidl_typesupport_fastrtps_c__pyext\n'}
[2.611091] (agv_interfaces) StdoutLine: {'line': b'[ 94%] Built target agv_interfaces__rosidl_typesupport_c__pyext\n'}
[2.611308] (agv_interfaces) StdoutLine: {'line': b'[100%] Built target agv_interfaces__rosidl_typesupport_introspection_c__pyext\n'}
[2.611637] (agv_interfaces) StderrLine: {'line': b'Traceback (most recent call last):\n'}
[2.611913] (agv_interfaces) StderrLine: {'line': b'  File "/usr/lib/python3/dist-packages/pkg_resources/__init__.py", line 2031, in try_parse\n'}
[2.612141] (agv_interfaces) StderrLine: {'line': b'    return packaging.version.Version(name)\n'}
[2.618424] (agv_interfaces) StderrLine: {'line': b'  File "/usr/lib/python3/dist-packages/pkg_resources/_vendor/packaging/version.py", line 266, in __init__\n'}
[2.619078] (agv_interfaces) StderrLine: {'line': b'    raise InvalidVersion(f"Invalid version: \'{version}\'")\n'}
[2.619297] (agv_interfaces) StderrLine: {'line': b"pkg_resources.extern.packaging.version.InvalidVersion: Invalid version: '/usr/lib/python3/dist'\n"}
[2.619569] (agv_interfaces) StderrLine: {'line': b'\n'}
[2.619797] (agv_interfaces) StderrLine: {'line': b'During handling of the above exception, another exception occurred:\n'}
[2.620012] (agv_interfaces) StderrLine: {'line': b'\n'}
[2.620239] (agv_interfaces) StderrLine: {'line': b'Traceback (most recent call last):\n'}
[2.622911] (agv_interfaces) StderrLine: {'line': b'  File "/home/melih/Desktop/AGV/build/agv_interfaces/ament_cmake_python/agv_interfaces/setup.py", line 1, in <module>\n'}
[2.623180] (agv_interfaces) StderrLine: {'line': b'    from setuptools import find_packages\n'}
[2.623427] (agv_interfaces) StderrLine: {'line': b'  File "/usr/lib/python3/dist-packages/setuptools/__init__.py", line 16, in <module>\n'}
[2.623675] (agv_interfaces) StderrLine: {'line': b'    import setuptools.version\n'}
[2.623882] (agv_interfaces) StderrLine: {'line': b'  File "/usr/lib/python3/dist-packages/setuptools/version.py", line 1, in <module>\n'}
[2.624080] (agv_interfaces) StderrLine: {'line': b'    import pkg_resources\n'}
[2.624277] (agv_interfaces) StderrLine: {'line': b'  File "/usr/lib/python3/dist-packages/pkg_resources/__init__.py", line 3267, in <module>\n'}
[2.627073] (agv_interfaces) StderrLine: {'line': b'    def _initialize_master_working_set():\n'}
[2.628924] (agv_interfaces) StderrLine: {'line': b'  File "/usr/lib/python3/dist-packages/pkg_resources/__init__.py", line 3241, in _call_aside\n'}
[2.629252] (agv_interfaces) StderrLine: {'line': b'    f(*args, **kwargs)\n'}
[2.629529] (agv_interfaces) StderrLine: {'line': b'  File "/usr/lib/python3/dist-packages/pkg_resources/__init__.py", line 3279, in _initialize_master_working_set\n'}
[2.629754] (agv_interfaces) StderrLine: {'line': b'    working_set = WorkingSet._build_master()\n'}
[2.630022] (agv_interfaces) StderrLine: {'line': b'  File "/usr/lib/python3/dist-packages/pkg_resources/__init__.py", line 564, in _build_master\n'}
[2.630257] (agv_interfaces) StderrLine: {'line': b'    ws = cls()\n'}
[2.630523] (agv_interfaces) StderrLine: {'line': b'  File "/usr/lib/python3/dist-packages/pkg_resources/__init__.py", line 557, in __init__\n'}
[2.630749] (agv_interfaces) StderrLine: {'line': b'    self.add_entry(entry)\n'}
[2.630959] (agv_interfaces) StderrLine: {'line': b'  File "/usr/lib/python3/dist-packages/pkg_resources/__init__.py", line 613, in add_entry\n'}
[2.631180] (agv_interfaces) StderrLine: {'line': b'    for dist in find_distributions(entry, True):\n'}
[2.636740] (agv_interfaces) StderrLine: {'line': b'  File "/usr/lib/python3/dist-packages/pkg_resources/__init__.py", line 2073, in find_on_path\n'}
[2.637125] (agv_interfaces) StderrLine: {'line': b'    path_item_entries = _by_version_descending(filtered)\n'}
[2.637383] (agv_interfaces) StderrLine: {'line': b'  File "/usr/lib/python3/dist-packages/pkg_resources/__init__.py", line 2043, in _by_version_descending\n'}
[2.637656] (agv_interfaces) StderrLine: {'line': b'    return sorted(names, key=_by_version, reverse=True)\n'}
[2.640953] (agv_interfaces) StderrLine: {'line': b'  File "/usr/lib/python3/dist-packages/pkg_resources/__init__.py", line 2041, in _by_version\n'}
[2.641316] (agv_interfaces) StderrLine: {'line': b'    return [try_parse(part) for part in parts]\n'}
[2.641638] (agv_interfaces) StderrLine: {'line': b'  File "/usr/lib/python3/dist-packages/pkg_resources/__init__.py", line 2041, in <listcomp>\n'}
[2.641854] (agv_interfaces) StderrLine: {'line': b'    return [try_parse(part) for part in parts]\n'}
[2.644809] (agv_interfaces) StderrLine: {'line': b'  File "/usr/lib/python3/dist-packages/pkg_resources/__init__.py", line 2033, in try_parse\n'}
[2.645105] (agv_interfaces) StderrLine: {'line': b"    return packaging.version.Version('0')\n"}
[2.645366] (agv_interfaces) StderrLine: {'line': b'  File "/usr/lib/python3/dist-packages/pkg_resources/_vendor/packaging/version.py", line 264, in __init__\n'}
[2.645632] (agv_interfaces) StderrLine: {'line': b'    match = self._regex.search(version)\n'}
[2.645823] (agv_interfaces) StderrLine: {'line': b'KeyboardInterrupt\n'}
[2.693384] (-) TimerEvent: {}
[2.768554] (agv_interfaces) StderrLine: {'line': b'gmake[2]: *** [CMakeFiles/ament_cmake_python_build_agv_interfaces_egg.dir/build.make:70: CMakeFiles/ament_cmake_python_build_agv_interfaces_egg] Interrupt\n'}
[2.777063] (agv_interfaces) StderrLine: {'line': b'gmake[1]: *** [CMakeFiles/Makefile2:447: CMakeFiles/ament_cmake_python_build_agv_interfaces_egg.dir/all] Interrupt\n'}
[2.777573] (agv_interfaces) StderrLine: {'line': b'gmake: *** [Makefile:146: all] Interrupt\n'}
[2.787379] (agv_interfaces) JobEnded: {'identifier': 'agv_interfaces', 'rc': 'SIGINT'}
[2.793784] (-) TimerEvent: {}
[2.804776] (agv_cpp) JobSkipped: {'identifier': 'agv_cpp'}
[2.805569] (agv_launch) JobSkipped: {'identifier': 'agv_launch'}
[2.805687] (-) EventReactorShutdown: {}
